Log file open, 09/23/16 23:27:19
LogInit:Display: Running engine for game: radroom
LogPlatformFile: Not using cached read wrapper
LogInit:Display: RandInit(-812106231) SRandInit(-812106229).
LogTaskGraph: Started task graph with 4 named threads and 7 total threads with 1 sets of task threads.
LogStats: Stats thread started at 0.070642
LogInit: Version: 4.12.5-3039270+++UE4+Release-4.12
LogInit: API Version: 2992821
LogInit: Net Version: 3039270
LogDevObjectVersion: Number of dev versions registered: 13
LogDevObjectVersion:   Dev-Blueprints (B0D832E4-1F89-4F0D-ACCF-7EB736FD4AA2): 3
LogDevObjectVersion:   Dev-Build (E1C64328-A22C-4D53-A36C-8E866417BD8C): 0
LogDevObjectVersion:   Dev-Core (375EC13C-06E4-48FB-B500-84F0262A717E): 1
LogDevObjectVersion:   Dev-Editor (E4B068ED-F494-42E9-A231-DA0B2E46BB41): 2
LogDevObjectVersion:   Dev-Framework (CFFC743F-43B0-4480-9391-14DF171D2073): 6
LogDevObjectVersion:   Dev-Mobile (B02B49B5-BB20-44E9-A304-32B752E40360): 0
LogDevObjectVersion:   Dev-Networking (A4E4105C-59A1-49B5-A7C5-40C4547EDFEE): 0
LogDevObjectVersion:   Dev-Online (39C831C9-5AE6-47DC-9A44-9C173E1C8E7C): 0
LogDevObjectVersion:   Dev-Physics (78F01B33-EBEA-4F98-B9B4-84EACCB95AA2): 0
LogDevObjectVersion:   Dev-Platform (6631380F-2D4D-43E0-8009-CF276956A95A): 0
LogDevObjectVersion:   Dev-Rendering (12F88B9F-8875-4AFC-A67C-D90C383ABD29): 2
LogDevObjectVersion:   Dev-Sequencer (7B5AE74C-D270-4C10-A958-57980B212A5A): 0
LogDevObjectVersion:   Dev-VR (D7296918-1DD6-4BDD-9DE2-64A83CC13884): 0
LogInit: Compiled (64-bit): Jul  6 2016 09:09:46
LogInit: Compiled with Visual C++: 19.00.23026.00
LogInit: Build Configuration: Development
LogInit: Branch Name: ++UE4+Release-4.12
LogInit: Command line: -EpicPortal 
LogInit: Base directory: C:/Program Files (x86)/Epic Games/4.12/Engine/Binaries/Win64/
LogInit: Installed Engine Build: 1
LogInit: Using libcurl 7.41.0
LogInit:  - built for x86_64-pc-win32
LogInit:  - supports SSL with WinSSL
LogInit:  - other features:
LogInit:      CURL_VERSION_SSL
LogInit:      CURL_VERSION_IPV6
LogInit:      CURL_VERSION_ASYNCHDNS
LogInit:      CURL_VERSION_LARGEFILE
LogInit:      CURL_VERSION_IDN
LogInit:  CurlRequestOptions (configurable via config and command line):
LogInit:  - bVerifyPeer = true  - Libcurl will verify peer certificate
LogInit:  - bUseHttpProxy = false  - Libcurl will NOT use HTTP proxy
LogInit:  - bDontReuseConnections = false  - Libcurl will reuse connections
LogInit:  - CertBundlePath = nullptr  - Libcurl will use whatever was configured at build time.
LogInit: Presizing for max 8388607 objects, including 0 objects not considered by GC, pre-allocating 0 bytes for permanent pool.
LogInit: Object subsystem initialized
[2016.09.24-03.27.19:544][  0]LogInit: Selected Device Profile: [Windows]
[2016.09.24-03.27.19:544][  0]LogInit: Applying CVar settings loaded from the selected device profile: [Windows]
[2016.09.24-03.27.19:562][  0]LogInit: Computer: BEAUTY
[2016.09.24-03.27.19:562][  0]LogInit: User: ECOG
[2016.09.24-03.27.19:562][  0]LogInit: CPU Page size=65536, Cores=4
[2016.09.24-03.27.19:562][  0]LogInit: High frequency timer resolution =3.451703 MHz
[2016.09.24-03.27.19:562][  0]LogMemory: Memory total: Physical=16.0GB (16GB approx)
[2016.09.24-03.27.19:562][  0]LogMemory: Platform Memory Stats for Windows
[2016.09.24-03.27.19:562][  0]LogMemory: Process Physical Memory: 190.27 MB used, 190.27 MB peak
[2016.09.24-03.27.19:562][  0]LogMemory: Process Virtual Memory: 195.20 MB used, 195.20 MB peak
[2016.09.24-03.27.19:562][  0]LogMemory: Physical Memory: 5354.07 MB used, 16339.50 MB total
[2016.09.24-03.27.19:562][  0]LogMemory: Virtual Memory: 554.50 MB used, 134217728.00 MB total
[2016.09.24-03.27.19:590][  0]LogTextLocalizationManager: No specific translations for ('en-US') exist, so ('en') translations will be used.
[2016.09.24-03.27.19:900][  0]LogD3D11RHI: D3D11 adapters:
[2016.09.24-03.27.19:936][  0]LogD3D11RHI:    0. 'NVIDIA GeForce GTX 1080' (Feature Level 11_0)
[2016.09.24-03.27.19:936][  0]LogD3D11RHI:       8084/0/8169 MB DedicatedVideo/DedicatedSystem/SharedSystem, Outputs:1, VendorId:0x10de
[2016.09.24-03.27.19:937][  0]LogD3D11RHI:    1. 'Microsoft Basic Render Driver' (Feature Level 11_0)
[2016.09.24-03.27.19:937][  0]LogD3D11RHI:       0/0/8169 MB DedicatedVideo/DedicatedSystem/SharedSystem, Outputs:0, VendorId:0x1414
[2016.09.24-03.27.19:937][  0]LogD3D11RHI: Chosen D3D11 Adapter: 0
[2016.09.24-03.27.19:940][  0]LogD3D11RHI: Creating new Direct3DDevice
[2016.09.24-03.27.19:940][  0]LogD3D11RHI:     GPU DeviceId: 0x1b80 (for the marketing name, search the web for "GPU Device Id")
[2016.09.24-03.27.19:940][  0]LogWindows: EnumDisplayDevices:
[2016.09.24-03.27.19:940][  0]LogWindows:    0. 'NVIDIA GeForce GTX 1080' (P:1 D:1)
[2016.09.24-03.27.19:940][  0]LogWindows:    1. 'NVIDIA GeForce GTX 1080' (P:0 D:0)
[2016.09.24-03.27.19:940][  0]LogWindows:    2. 'NVIDIA GeForce GTX 1080' (P:0 D:0)
[2016.09.24-03.27.19:940][  0]LogWindows:    3. 'NVIDIA GeForce GTX 1080' (P:0 D:0)
[2016.09.24-03.27.19:940][  0]LogWindows:    4. 'LogMeIn Mirror Driver' (P:0 D:0)
[2016.09.24-03.27.19:940][  0]LogWindows: DebugString: GetVideoDriverDetailsInvalid PrimaryIsNotTheChoosenAdapter FoundDriverCount:4 
[2016.09.24-03.27.19:940][  0]LogD3D11RHI:     Adapter Name: NVIDIA GeForce GTX 1080
[2016.09.24-03.27.19:940][  0]LogD3D11RHI:   Driver Version: 368.39 (internal:10.18.13.6839, unified:368.39)
[2016.09.24-03.27.19:940][  0]LogD3D11RHI:      Driver Date: 6-2-2016
[2016.09.24-03.27.19:940][  0]LogRHI: Texture pool is 1361 MB (70% of 1945 MB)
[2016.09.24-03.27.19:957][  0]LogD3D11RHI: Async texture creation enabled
[2016.09.24-03.27.19:974][  0]LogD3D11RHI: GPU Timing Frequency: 1000.000000 (Debug: 2 2)
[2016.09.24-03.27.19:974][  0]LogShaderCompilers: Guid format shader working directory is -17 characters bigger than the processId version (../../../../../../Users/ECOG/Documents/Unreal Projects/radroom/Intermediate/Shaders/WorkingDirectory/7964/).
[2016.09.24-03.27.19:974][  0]LogShaderCompilers: Cleaned the shader compiler working directory 'C:/Users/ECOG/AppData/Local/Temp/UnrealShaderWorkingDir/5329E23B4DB66219584E208EE2B9E4C7/'.
[2016.09.24-03.27.19:974][  0]LogShaderCompilers:Display: Using Local Shader Compiler.
[2016.09.24-03.27.20:853][  0]LogTemp:Display: Loaded TP AllDesktopTargetPlatform
[2016.09.24-03.27.20:861][  0]LogTemp:Display: Loaded TP WindowsClientTargetPlatform
[2016.09.24-03.27.20:870][  0]LogTemp:Display: Loaded TP WindowsNoEditorTargetPlatform
[2016.09.24-03.27.20:878][  0]LogTemp:Display: Loaded TP WindowsServerTargetPlatform
[2016.09.24-03.27.20:887][  0]LogTemp:Display: Loaded TP WindowsTargetPlatform
[2016.09.24-03.27.20:895][  0]LogTemp:Display: Loaded TP AndroidTargetPlatform
[2016.09.24-03.27.20:902][  0]LogTemp:Display: Loaded TP Android_ASTCTargetPlatform
[2016.09.24-03.27.20:909][  0]LogTemp:Display: Loaded TP Android_ATCTargetPlatform
[2016.09.24-03.27.20:915][  0]LogTemp:Display: Loaded TP Android_DXTTargetPlatform
[2016.09.24-03.27.20:922][  0]LogTemp:Display: Loaded TP Android_ETC1TargetPlatform
[2016.09.24-03.27.20:931][  0]LogTemp:Display: Loaded TP Android_ETC2TargetPlatform
[2016.09.24-03.27.20:947][  0]LogTemp:Display: Loaded TP Android_MultiTargetPlatform
[2016.09.24-03.27.20:947][  0]LogTemp:Display: Loaded TP Android_PVRTCTargetPlatform
[2016.09.24-03.27.20:948][  0]LogTemp:Display: Loaded TP HTML5TargetPlatform
[2016.09.24-03.27.20:968][  0]LogTemp:Display: Loaded TP IOSTargetPlatform
[2016.09.24-03.27.20:975][  0]LogTemp:Display: Loaded TP TVOSTargetPlatform
[2016.09.24-03.27.20:982][  0]LogTemp:Display: Loaded TP LinuxNoEditorTargetPlatform
[2016.09.24-03.27.20:988][  0]LogTemp:Display: Loaded TP LinuxServerTargetPlatform
[2016.09.24-03.27.21:012][  0]LogTemp:Display: Loaded TP LinuxTargetPlatform
[2016.09.24-03.27.21:012][  0]LogTargetPlatformManager:Display: Building Assets For Windows
[2016.09.24-03.27.21:076][  0]LogDerivedDataCache:Display: Max Cache Size: 512 MB
[2016.09.24-03.27.21:857][  0]LogDerivedDataCache: Loaded boot cache 0.78s 62MB C:/Users/ECOG/AppData/Local/UnrealEngine/4.12/DerivedDataCache/Boot.ddc.
[2016.09.24-03.27.21:857][  0]LogDerivedDataCache:Display: Loaded Boot cache: C:/Users/ECOG/AppData/Local/UnrealEngine/4.12/DerivedDataCache/Boot.ddc
[2016.09.24-03.27.21:857][  0]LogDerivedDataCache: FDerivedDataBackendGraph:  Pak pak cache file ../../../../../../Users/ECOG/Documents/Unreal Projects/radroom/DerivedDataCache/DDC.ddp not found, will not use a pak cache.
[2016.09.24-03.27.21:857][  0]LogDerivedDataCache: Unable to find inner node Pak for hierarchical cache Hierarchy.
[2016.09.24-03.27.21:857][  0]LogDerivedDataCache: FDerivedDataBackendGraph:  CompressedPak pak cache file ../../../../../../Users/ECOG/Documents/Unreal Projects/radroom/DerivedDataCache/Compressed.ddp not found, will not use a pak cache.
[2016.09.24-03.27.21:857][  0]LogDerivedDataCache: Unable to find inner node CompressedPak for hierarchical cache Hierarchy.
[2016.09.24-03.27.21:871][  0]LogDerivedDataCache:Display: Pak cache opened for reading ../../../Engine/DerivedDataCache/Compressed.ddp.
[2016.09.24-03.27.21:883][  0]LogDerivedDataCache: Using Local data cache path C:/Users/ECOG/AppData/Local/UnrealEngine/Common/DerivedDataCache: Writable
[2016.09.24-03.27.22:060][  0]LogInit: Selected Device Profile: [Windows]
[2016.09.24-03.27.22:060][  0]LogContentStreaming: Texture pool size is 0.00 MB
[2016.09.24-03.27.22:410][  0]LogMeshUtilities: No automatic mesh reduction module available
[2016.09.24-03.27.22:410][  0]LogMeshUtilities: No automatic mesh merging module available
[2016.09.24-03.27.22:410][  0]LogMeshUtilities: No distributed automatic mesh merging module available
[2016.09.24-03.27.23:471][  0]LogAssetRegistry: FAssetRegistry took 0.0214 seconds to start up
[2016.09.24-03.27.23:524][  0]LogPackageLocalizationCache: Processed 3 localized package path(s) for 2 prioritized culture(s) in 0.049199 seconds
[2016.09.24-03.27.23:527][  0]LogUObjectArray: 28739 objects as part of root set at end of initial load.
[2016.09.24-03.27.23:527][  0]LogUObjectAllocator: 5855624 out of 0 bytes used by permanent object pool.
[2016.09.24-03.27.23:527][  0]LogUObjectArray: CloseDisregardForGC: 0/0 objects in disregard for GC pool
[2016.09.24-03.27.23:533][  0]LogInit: WinSock: version 1.1 (2.2), MaxSocks=32767, MaxUdp=65467
[2016.09.24-03.27.24:199][  0]LogSlate: SlateFontCache - WITH_FREETYPE: 1, WITH_HARFBUZZ: 1
[2016.09.24-03.27.24:199][  0]LogSlate: SlateFontCache - WITH_FREETYPE: 1, WITH_HARFBUZZ: 1
[2016.09.24-03.27.47:802][  0]LogUdpMessaging: Initializing bridge on interface 0.0.0.0:0 to multicast group 230.0.0.1:6666.
[2016.09.24-03.27.48:268][  0]SourceControl: Info Source control is disabled
[2016.09.24-03.27.48:275][  0]SourceControl: Info Source control is disabled
[2016.09.24-03.27.48:283][  0]SourceControl: Info Source control is disabled
[2016.09.24-03.27.48:290][  0]SourceControl: Info Source control is disabled
[2016.09.24-03.27.48:640][  0]LogEngine: Initializing Engine...
[2016.09.24-03.27.48:663][  0]LogHMD: SteamVR failed to initialize.  Err: 126
[2016.09.24-03.27.48:667][  0]LogHMD: SteamVR failed to initialize.  Err: 126
[2016.09.24-03.27.48:780][  0]LogAIModule: Creating AISystem for world NewWorld
[2016.09.24-03.27.48:787][  0]LogInit: XAudio2 using 'Digital Audio (S/PDIF) (High Definition Audio Device)' : 2 channels at 44.1 kHz using 16 bits per sample (channel mask 0x3)
[2016.09.24-03.27.48:796][  0]LogInit: FAudioDevice initialized.
[2016.09.24-03.27.48:818][  0]LogDerivedDataCache: Saved boot cache 0.02s 62MB C:/Users/ECOG/AppData/Local/UnrealEngine/4.12/DerivedDataCache/Boot.ddc.
[2016.09.24-03.27.48:824][  0]LogInit: Texture streaming: Enabled
[2016.09.24-03.27.48:845][  0]LogInit: Transaction tracking system initialized
[2016.09.24-03.27.48:865][  0]BlueprintLog: New page: Editor Load
[2016.09.24-03.27.48:926][  0]LogInit:Warning: CVar named 'r.MobileHDR' marked up in RendererSettings was not found or is set to read-only
[2016.09.24-03.27.49:578][  0]LocalizationService: Info Localization service is disabled
[2016.09.24-03.27.49:906][  0]LogConsoleResponse:Display: 
[2016.09.24-03.27.50:021][  0]LogFileCache: Scanning file cache for directory 'C:/Users/ECOG/Documents/Unreal Projects/radroom/Content/' took 0.01s
[2016.09.24-03.27.50:021][  0]LogCook:Display: Max memory allowance for cook 8192mb
[2016.09.24-03.27.50:021][  0]LogCook:Display: Mobile HDR setting 1
[2016.09.24-03.27.50:249][  0]SourceControl: Info Source control is disabled
[2016.09.24-03.27.50:249][  0]Cmd: MAP LOAD FILE="../../../Engine/Content/Maps/Templates/Template_Default.umap" TEMPLATE=1 SHOWPROGRESS=1 FEATURELEVEL=3
[2016.09.24-03.27.50:250][  0]LightingResults: New page: Lighting Build
[2016.09.24-03.27.50:252][  0]MapCheck: New page: Map Check
[2016.09.24-03.27.50:252][  0]LightingResults: New page: Lighting Build
[2016.09.24-03.27.50:463][  0]LogAIModule: Creating AISystem for world Untitled_1
[2016.09.24-03.27.50:467][  0]LogEditorServer: Finished looking for orphan Actors (0.000 secs)
[2016.09.24-03.27.50:472][  0]Cmd: MAP CHECKDEP NOCLEARLOG
[2016.09.24-03.27.50:510][  0]MapCheck: Info Map check complete: 0 Error(s), 0 Warning(s), took 37.555ms to complete.
[2016.09.24-03.27.50:510][  0]LogFileHelpers: Loading map 'Template_Default' took 0.260
[2016.09.24-03.27.50:961][  0]LogCollectionManager: Loaded 0 collections in 0.004035 seconds
[2016.09.24-03.27.51:118][  0]LogFileCache: Scanning file cache for directory 'C:/Users/ECOG/Documents/Unreal Projects/radroom/Saved/Collections/' took 0.01s
[2016.09.24-03.27.51:118][  0]LogFileCache: Scanning file cache for directory 'C:/Users/ECOG/Documents/Unreal Projects/radroom/Content/Developers/ECOG/Collections/' took 0.01s
[2016.09.24-03.27.51:118][  0]LogFileCache: Scanning file cache for directory 'C:/Users/ECOG/Documents/Unreal Projects/radroom/Content/Collections/' took 0.01s
[2016.09.24-03.27.51:118][  0]LogCollectionManager: Rebuilt the GUID cache for 0 collections in 0.000005 seconds
[2016.09.24-03.27.51:128][  0]LogContentBrowser: Native class hierarchy populated in 0.0076 seconds. Added 2047 classes and 369 folders.
[2016.09.24-03.27.51:147][  0]LogStats: UGameplayTagsManager::ConstructGameplayTagTree: Construct from data asset -  0.000 s
[2016.09.24-03.27.51:147][  0]LogStats: UGameplayTagsManager::ConstructGameplayTagTree: GameplayTagTreeChangedEvent.Broadcast -  0.000 s
[2016.09.24-03.27.51:147][  0]LogContentBrowser: Native class hierarchy updated for 'GameplayTags' in 0.0004 seconds. Added 12 classes and 0 folders.
[2016.09.24-03.27.51:190][  0]LogContentBrowser: Native class hierarchy updated for 'WidgetCarousel' in 0.0006 seconds. Added 0 classes and 0 folders.
[2016.09.24-03.27.52:306][  0]LogContentBrowser: Native class hierarchy updated for 'AddContentDialog' in 0.0010 seconds. Added 0 classes and 0 folders.
[2016.09.24-03.27.52:503][  0]LogContentBrowser: Native class hierarchy updated for 'SceneOutliner' in 0.0008 seconds. Added 1 classes and 2 folders.
[2016.09.24-03.27.52:769][  0]LogCrashTracker: Crashtracker disabled due to settings.
[2016.09.24-03.27.52:884][  0]LogTexture:Display: Building textures: Blueprint_64x (BGRA8)
[2016.09.24-03.27.52:885][  0]LogTexture:Display: Building textures: icon_Editor_Preferences_General_40x (BGRA8)
[2016.09.24-03.27.52:886][  0]LogTexture:Display: Building textures: Paper2DSprite_TutorialIcon (BGRA8)
[2016.09.24-03.27.52:887][  0]LogTexture:Display: Building textures: icon_ShowSkeletalMeshes_40x (BGRA8)
[2016.09.24-03.27.52:889][  0]LogTexture:Display: Building textures: Landscape (BGRA8)
[2016.09.24-03.27.52:890][  0]LogTexture:Display: Building textures: Foliage (BGRA8)
[2016.09.24-03.27.52:956][  0]LogContentBrowser: Native class hierarchy updated for 'HierarchicalLODOutliner' in 0.0004 seconds. Added 1 classes and 2 folders.
[2016.09.24-03.27.52:956][  0]LogLoad: Full Startup: 34.03 seconds (BP compile: 0.11 seconds)
[2016.09.24-03.27.52:956][  0]LogExternalProfiler: Found external profiler: VSPerf
[2016.09.24-03.27.52:956][  0]LogExternalProfiler: Using external profiler: VSPerf
[2016.09.24-03.27.52:965][  0]LogOcInput: OculusInput pre-init called
[2016.09.24-03.27.53:052][  0]LogContentStreaming: Texture pool size now 1000 MB
[2016.09.24-03.27.53:097][  0]LogTexture:Display: Building textures: icon_tab_Levels_40x (BGRA8)
[2016.09.24-03.27.53:253][  0]LogTexture:Display: Building textures: LevelGrid1DStripes (BGRA8)
[2016.09.24-03.27.53:341][  0]LogRenderer: Reallocating scene render targets to support 1208x652 (Frame:2).
[2016.09.24-03.27.53:548][  1]LogAssetRegistry: Asset discovery search completed in 30.0978 seconds
[2016.09.24-03.27.53:548][  1]LogCollectionManager: Rebuilt the object cache for 0 collections in 0.000001 seconds (found 0 objects)
[2016.09.24-03.27.53:548][  1]LogCollectionManager: Fixed up redirectors for 0 collections in 0.000019 seconds (updated 0 objects)
[2016.09.24-03.30.47:756][690]LogDirectoryWatcher:Warning: Failed to begin reading directory changes for ../../../../../../Users/ECOG/Documents/Unreal Projects/radroom/Plugins/. Error: The system cannot find the file specified. (0x00000002)
[2016.09.24-03.42.43:798][565]LogContentBrowser: Native class hierarchy updated for 'BlueprintGraph' in 0.0007 seconds. Added 111 classes and 0 folders.
[2016.09.24-03.42.44:554][565]LogTexture:Display: Building textures: TilePatine_N (BC5)
[2016.09.24-03.42.44:691][565]LogTexture:Display: Building textures: TilePatine_D (AutoDXT)
[2016.09.24-03.50.12:997][537]LogFileHelpers: Editor autosave (incl. sublevels) for '/Temp/Untitled_1' took 0.022
[2016.09.24-03.50.13:009][537]OBJ SavePackage: Generating thumbnails for [0] asset(s) in package [/Game/VR_GameMode] ([1] browsable assets)...
[2016.09.24-03.50.13:009][537]OBJ SavePackage: Finished generating thumbnails for package [/Game/VR_GameMode]
[2016.09.24-03.50.13:010][537]Cmd: OBJ SAVEPACKAGE PACKAGE="/Game/VR_GameMode" FILE="../../../../../../Users/ECOG/Documents/Unreal Projects/radroom/Saved/Autosaves/Game/VR_GameMode_Auto1.uasset" SILENT=false AUTOSAVING=true
[2016.09.24-03.50.13:039][537]LogSavePackage: Save=28.16ms
[2016.09.24-03.50.13:039][537]LogSavePackage: Moving '../../../../../../Users/ECOG/Documents/Unreal Projects/radroom/Saved/VR_GameMode_Auto10E727A9B4640FED3E2B85EAAF3BFE7BD.tmp' to '../../../../../../Users/ECOG/Documents/Unreal Projects/radroom/Saved/Autosaves/Game/VR_GameMode_Auto1.uasset'
[2016.09.24-03.50.13:040][537]LogSavePackage:Display: Finished SavePackage ../../../../../../Users/ECOG/Documents/Unreal Projects/radroom/Saved/Autosaves/Game/VR_GameMode_Auto1.uasset
[2016.09.24-03.50.13:040][537]OBJ SavePackage: Generating thumbnails for [0] asset(s) in package [/Game/VR_Pawn] ([1] browsable assets)...
[2016.09.24-03.50.13:040][537]OBJ SavePackage: Finished generating thumbnails for package [/Game/VR_Pawn]
[2016.09.24-03.50.13:040][537]Cmd: OBJ SAVEPACKAGE PACKAGE="/Game/VR_Pawn" FILE="../../../../../../Users/ECOG/Documents/Unreal Projects/radroom/Saved/Autosaves/Game/VR_Pawn_Auto1.uasset" SILENT=false AUTOSAVING=true
[2016.09.24-03.50.13:052][537]LogSavePackage: Save=10.98ms
[2016.09.24-03.50.13:052][537]LogSavePackage: Moving '../../../../../../Users/ECOG/Documents/Unreal Projects/radroom/Saved/VR_Pawn_Auto1787FE40F4B0D796D428A90A621A391CF.tmp' to '../../../../../../Users/ECOG/Documents/Unreal Projects/radroom/Saved/Autosaves/Game/VR_Pawn_Auto1.uasset'
[2016.09.24-03.50.13:053][537]LogSavePackage:Display: Finished SavePackage ../../../../../../Users/ECOG/Documents/Unreal Projects/radroom/Saved/Autosaves/Game/VR_Pawn_Auto1.uasset
[2016.09.24-03.50.13:053][537]LogFileHelpers: Auto-saving content packages took 0.055
[2016.09.24-03.56.33:701][670]LogSlate:Warning: Prevented a slow task dialog from being summoned while a context menu was open
[2016.09.24-04.00.13:136][903]LogFileHelpers: Editor autosave (incl. sublevels) for '/Temp/Untitled_1' took 0.013
[2016.09.24-04.00.13:138][903]OBJ SavePackage: Generating thumbnails for [0] asset(s) in package [/Game/VR_GameMode] ([1] browsable assets)...
[2016.09.24-04.00.13:138][903]OBJ SavePackage: Finished generating thumbnails for package [/Game/VR_GameMode]
[2016.09.24-04.00.13:138][903]Cmd: OBJ SAVEPACKAGE PACKAGE="/Game/VR_GameMode" FILE="../../../../../../Users/ECOG/Documents/Unreal Projects/radroom/Saved/Autosaves/Game/VR_GameMode_Auto2.uasset" SILENT=false AUTOSAVING=true
[2016.09.24-04.00.13:150][903]LogSavePackage: Save=10.82ms
[2016.09.24-04.00.13:150][903]LogSavePackage: Moving '../../../../../../Users/ECOG/Documents/Unreal Projects/radroom/Saved/VR_GameMode_Auto25AE0128D4E8BFDE62D9E04B82ABE0191.tmp' to '../../../../../../Users/ECOG/Documents/Unreal Projects/radroom/Saved/Autosaves/Game/VR_GameMode_Auto2.uasset'
[2016.09.24-04.00.13:151][903]LogSavePackage:Display: Finished SavePackage ../../../../../../Users/ECOG/Documents/Unreal Projects/radroom/Saved/Autosaves/Game/VR_GameMode_Auto2.uasset
[2016.09.24-04.00.13:151][903]LogFileHelpers: Auto-saving content packages took 0.014
[2016.09.24-04.28.32:480][226]LogEditorViewport: Clicking on Actor (LMB): StaticMeshActor (Floor)
[2016.09.24-04.31.24:944][638]Cmd: OBJ SAVEPACKAGE PACKAGE="/Game/VR_GameMode" FILE="../../../../../../Users/ECOG/Documents/Unreal Projects/radroom/Content/VR_GameMode.uasset" SILENT=true
[2016.09.24-04.31.24:974][638]LogSavePackage: Save=12.53ms
[2016.09.24-04.31.24:974][638]LogSavePackage: Moving '../../../../../../Users/ECOG/Documents/Unreal Projects/radroom/Saved/VR_GameMode160C40CD492A6E145DA4C3BE62353BF0.tmp' to '../../../../../../Users/ECOG/Documents/Unreal Projects/radroom/Content/VR_GameMode.uasset'
[2016.09.24-04.31.24:978][638]LogSavePackage:Display: Finished SavePackage ../../../../../../Users/ECOG/Documents/Unreal Projects/radroom/Content/VR_GameMode.uasset
[2016.09.24-04.32.52:870][ 29]Cmd: TRANSACTION UNDO
[2016.09.24-04.32.52:870][ 29]LogEditorTransaction: Undo Edit Default Pawn Class
[2016.09.24-04.32.52:871][ 29]PIE:Warning: Warning AttachTo: '/Engine/Transient.World_6:PersistentLevel.VR_GameMode_C_10.DefaultSceneRoot' cannot be attached to itself. Aborting.
[2016.09.24-04.32.57:761][588]Cmd: TRANSACTION REDO
[2016.09.24-04.32.57:761][588]LogEditorTransaction: Redo Edit Default Pawn Class
[2016.09.24-04.34.11:995][263]LogFileHelpers: Editor autosave (incl. sublevels) for '/Temp/Untitled_1' took 0.015
[2016.09.24-04.34.11:997][263]OBJ SavePackage: Generating thumbnails for [0] asset(s) in package [/Game/VR_GameMode] ([1] browsable assets)...
[2016.09.24-04.34.11:997][263]OBJ SavePackage: Finished generating thumbnails for package [/Game/VR_GameMode]
[2016.09.24-04.34.11:997][263]Cmd: OBJ SAVEPACKAGE PACKAGE="/Game/VR_GameMode" FILE="../../../../../../Users/ECOG/Documents/Unreal Projects/radroom/Saved/Autosaves/Game/VR_GameMode_Auto3.uasset" SILENT=false AUTOSAVING=true
[2016.09.24-04.34.12:013][263]LogSavePackage: Save=10.56ms
[2016.09.24-04.34.12:013][263]LogSavePackage: Moving '../../../../../../Users/ECOG/Documents/Unreal Projects/radroom/Saved/VR_GameMode_Auto3EDF2CCAF47E071E121F3119AD847C4D2.tmp' to '../../../../../../Users/ECOG/Documents/Unreal Projects/radroom/Saved/Autosaves/Game/VR_GameMode_Auto3.uasset'
[2016.09.24-04.34.12:014][263]LogSavePackage:Display: Finished SavePackage ../../../../../../Users/ECOG/Documents/Unreal Projects/radroom/Saved/Autosaves/Game/VR_GameMode_Auto3.uasset
[2016.09.24-04.34.12:014][263]LogFileHelpers: Auto-saving content packages took 0.018
[2016.09.24-04.34.46:248][337]Cmd: UpdateLandscapeSetup
[2016.09.24-04.44.45:313][809]Cmd: OBJ SAVEPACKAGE PACKAGE="/Temp/Untitled_1" FILE="../../../../../../Users/ECOG/Documents/Unreal Projects/radroom/Saved/Autosaves/Temp/Untitled_1_Auto4.umap" SILENT=true AUTOSAVING=true KEEPDIRTY=false
[2016.09.24-04.44.45:347][809]LogSavePackage: Save=34.29ms
[2016.09.24-04.44.45:347][809]LogSavePackage: Moving '../../../../../../Users/ECOG/Documents/Unreal Projects/radroom/Saved/Untitled_1_Auto438D3913D47123BE35B375A8C3C4FE7A5.tmp' to '../../../../../../Users/ECOG/Documents/Unreal Projects/radroom/Saved/Autosaves/Temp/Untitled_1_Auto4.umap'
[2016.09.24-04.44.45:349][809]LogSavePackage:Display: Finished SavePackage ../../../../../../Users/ECOG/Documents/Unreal Projects/radroom/Saved/Autosaves/Temp/Untitled_1_Auto4.umap
[2016.09.24-04.44.45:353][809]LogFileHelpers: Editor autosave (incl. sublevels) for '/Temp/Untitled_1' took 0.109
[2016.09.24-04.44.45:353][809]LogFileHelpers: Editor autosave (incl. sublevels) for all levels took 0.109
[2016.09.24-04.44.45:355][809]OBJ SavePackage: Generating thumbnails for [0] asset(s) in package [/Game/VR_Pawn] ([1] browsable assets)...
[2016.09.24-04.44.45:355][809]OBJ SavePackage: Finished generating thumbnails for package [/Game/VR_Pawn]
[2016.09.24-04.44.45:355][809]Cmd: OBJ SAVEPACKAGE PACKAGE="/Game/VR_Pawn" FILE="../../../../../../Users/ECOG/Documents/Unreal Projects/radroom/Saved/Autosaves/Game/VR_Pawn_Auto4.uasset" SILENT=false AUTOSAVING=true
[2016.09.24-04.44.45:367][809]LogSavePackage: Save=10.33ms
[2016.09.24-04.44.45:367][809]LogSavePackage: Moving '../../../../../../Users/ECOG/Documents/Unreal Projects/radroom/Saved/VR_Pawn_Auto41272825F42D43BC279A674AF19BEABDE.tmp' to '../../../../../../Users/ECOG/Documents/Unreal Projects/radroom/Saved/Autosaves/Game/VR_Pawn_Auto4.uasset'
[2016.09.24-04.44.45:368][809]LogSavePackage:Display: Finished SavePackage ../../../../../../Users/ECOG/Documents/Unreal Projects/radroom/Saved/Autosaves/Game/VR_Pawn_Auto4.uasset
[2016.09.24-04.44.45:368][809]LogFileHelpers: Auto-saving content packages took 0.014
[2016.09.24-04.57.44:038][138]LogFileHelpers: Editor autosave (incl. sublevels) for '/Temp/Untitled_1' took 0.015
[2016.09.24-04.57.44:040][138]OBJ SavePackage: Generating thumbnails for [0] asset(s) in package [/Game/VR_Pawn] ([1] browsable assets)...
[2016.09.24-04.57.44:040][138]OBJ SavePackage: Finished generating thumbnails for package [/Game/VR_Pawn]
[2016.09.24-04.57.44:040][138]Cmd: OBJ SAVEPACKAGE PACKAGE="/Game/VR_Pawn" FILE="../../../../../../Users/ECOG/Documents/Unreal Projects/radroom/Saved/Autosaves/Game/VR_Pawn_Auto5.uasset" SILENT=false AUTOSAVING=true
[2016.09.24-04.57.44:057][138]LogSavePackage: Save=14.97ms
[2016.09.24-04.57.44:057][138]LogSavePackage: Moving '../../../../../../Users/ECOG/Documents/Unreal Projects/radroom/Saved/VR_Pawn_Auto57232FA694D2377B10ABB92B167C2A888.tmp' to '../../../../../../Users/ECOG/Documents/Unreal Projects/radroom/Saved/Autosaves/Game/VR_Pawn_Auto5.uasset'
[2016.09.24-04.57.44:058][138]LogSavePackage:Display: Finished SavePackage ../../../../../../Users/ECOG/Documents/Unreal Projects/radroom/Saved/Autosaves/Game/VR_Pawn_Auto5.uasset
[2016.09.24-04.57.44:058][138]LogFileHelpers: Auto-saving content packages took 0.019
[2016.09.24-05.00.50:529][779]BlueprintLog: New page: Compile VR_Pawn
[2016.09.24-05.00.50:685][779]BlueprintEditorCompileResults: Info [5611.75] Compile of VR_Pawn successful! [in 144 ms] (/Game/VR_Pawn.VR_Pawn)
[2016.09.24-05.00.53:807][ 93]Cmd: OBJ SAVEPACKAGE PACKAGE="/Game/VR_Pawn" FILE="../../../../../../Users/ECOG/Documents/Unreal Projects/radroom/Content/VR_Pawn.uasset" SILENT=true
[2016.09.24-05.00.53:825][ 93]LogSavePackage: Save=16.02ms
[2016.09.24-05.00.53:825][ 93]LogSavePackage: Moving '../../../../../../Users/ECOG/Documents/Unreal Projects/radroom/Saved/VR_Pawn8721C2AD4B7C705273D575A2F5F74766.tmp' to '../../../../../../Users/ECOG/Documents/Unreal Projects/radroom/Content/VR_Pawn.uasset'
[2016.09.24-05.00.53:830][ 93]LogSavePackage:Display: Finished SavePackage ../../../../../../Users/ECOG/Documents/Unreal Projects/radroom/Content/VR_Pawn.uasset
[2016.09.24-05.07.54:892][753]Cmd: OBJ SAVEPACKAGE PACKAGE="/Temp/Untitled_1" FILE="../../../../../../Users/ECOG/Documents/Unreal Projects/radroom/Saved/Autosaves/Temp/Untitled_1_Auto6.umap" SILENT=true AUTOSAVING=true KEEPDIRTY=false
[2016.09.24-05.07.54:918][753]LogSavePackage: Save=26.45ms
[2016.09.24-05.07.54:918][753]LogSavePackage: Moving '../../../../../../Users/ECOG/Documents/Unreal Projects/radroom/Saved/Untitled_1_Auto67EA40B9F41A01FA0BDFC8193B6FA8787.tmp' to '../../../../../../Users/ECOG/Documents/Unreal Projects/radroom/Saved/Autosaves/Temp/Untitled_1_Auto6.umap'
[2016.09.24-05.07.54:920][753]LogSavePackage:Display: Finished SavePackage ../../../../../../Users/ECOG/Documents/Unreal Projects/r