Log file open, 09/24/16 11:52:06
LogInit:Display: Running engine for game: radroom
LogPlatformFile: Not using cached read wrapper
LogInit:Display: RandInit(-296652021) SRandInit(-296652020).
LogTaskGraph: Started task graph with 4 named threads and 7 total threads with 1 sets of task threads.
LogStats: Stats thread started at 0.069170
LogInit: Version: 4.12.5-3039270+++UE4+Release-4.12
LogInit: API Version: 2992821
LogInit: Net Version: 3039270
LogDevObjectVersion: Number of dev versions registered: 13
LogDevObjectVersion:   Dev-Blueprints (B0D832E4-1F89-4F0D-ACCF-7EB736FD4AA2): 3
LogDevObjectVersion:   Dev-Build (E1C64328-A22C-4D53-A36C-8E866417BD8C): 0
LogDevObjectVersion:   Dev-Core (375EC13C-06E4-48FB-B500-84F0262A717E): 1
LogDevObjectVersion:   Dev-Editor (E4B068ED-F494-42E9-A231-DA0B2E46BB41): 2
LogDevObjectVersion:   Dev-Framework (CFFC743F-43B0-4480-9391-14DF171D2073): 6
LogDevObjectVersion:   Dev-Mobile (B02B49B5-BB20-44E9-A304-32B752E40360): 0
LogDevObjectVersion:   Dev-Networking (A4E4105C-59A1-49B5-A7C5-40C4547EDFEE): 0
LogDevObjectVersion:   Dev-Online (39C831C9-5AE6-47DC-9A44-9C173E1C8E7C): 0
LogDevObjectVersion:   Dev-Physics (78F01B33-EBEA-4F98-B9B4-84EACCB95AA2): 0
LogDevObjectVersion:   Dev-Platform (6631380F-2D4D-43E0-8009-CF276956A95A): 0
LogDevObjectVersion:   Dev-Rendering (12F88B9F-8875-4AFC-A67C-D90C383ABD29): 2
LogDevObjectVersion:   Dev-Sequencer (7B5AE74C-D270-4C10-A958-57980B212A5A): 0
LogDevObjectVersion:   Dev-VR (D7296918-1DD6-4BDD-9DE2-64A83CC13884): 0
LogInit: Compiled (64-bit): Jul  6 2016 09:09:46
LogInit: Compiled with Visual C++: 19.00.23026.00
LogInit: Build Configuration: Development
LogInit: Branch Name: ++UE4+Release-4.12
LogInit: Command line: -EpicPortal 
LogInit: Base directory: C:/Program Files (x86)/Epic Games/4.12/Engine/Binaries/Win64/
LogInit: Installed Engine Build: 1
LogInit: Using libcurl 7.41.0
LogInit:  - built for x86_64-pc-win32
LogInit:  - supports SSL with WinSSL
LogInit:  - other features:
LogInit:      CURL_VERSION_SSL
LogInit:      CURL_VERSION_IPV6
LogInit:      CURL_VERSION_ASYNCHDNS
LogInit:      CURL_VERSION_LARGEFILE
LogInit:      CURL_VERSION_IDN
LogInit:  CurlRequestOptions (configurable via config and command line):
LogInit:  - bVerifyPeer = true  - Libcurl will verify peer certificate
LogInit:  - bUseHttpProxy = false  - Libcurl will NOT use HTTP proxy
LogInit:  - bDontReuseConnections = false  - Libcurl will reuse connections
LogInit:  - CertBundlePath = nullptr  - Libcurl will use whatever was configured at build time.
LogInit: Presizing for max 8388607 objects, including 0 objects not considered by GC, pre-allocating 0 bytes for permanent pool.
LogInit: Object subsystem initialized
[2016.09.24-15.52.06:792][  0]LogInit: Selected Device Profile: [Windows]
[2016.09.24-15.52.06:792][  0]LogInit: Applying CVar settings loaded from the selected device profile: [Windows]
[2016.09.24-15.52.06:807][  0]LogInit: Computer: BEAUTY
[2016.09.24-15.52.06:807][  0]LogInit: User: ECOG
[2016.09.24-15.52.06:807][  0]LogInit: CPU Page size=65536, Cores=4
[2016.09.24-15.52.06:807][  0]LogInit: High frequency timer resolution =3.451699 MHz
[2016.09.24-15.52.06:807][  0]LogMemory: Memory total: Physical=16.0GB (16GB approx)
[2016.09.24-15.52.06:807][  0]LogMemory: Platform Memory Stats for Windows
[2016.09.24-15.52.06:807][  0]LogMemory: Process Physical Memory: 189.87 MB used, 189.87 MB peak
[2016.09.24-15.52.06:807][  0]LogMemory: Process Virtual Memory: 195.17 MB used, 195.17 MB peak
[2016.09.24-15.52.06:807][  0]LogMemory: Physical Memory: 5864.25 MB used, 16339.50 MB total
[2016.09.24-15.52.06:807][  0]LogMemory: Virtual Memory: 554.56 MB used, 134217728.00 MB total
[2016.09.24-15.52.07:211][  0]LogTextLocalizationManager: No specific translations for ('en-US') exist, so ('en') translations will be used.
[2016.09.24-15.52.07:653][  0]LogD3D11RHI: D3D11 adapters:
[2016.09.24-15.52.07:672][  0]LogD3D11RHI:    0. 'NVIDIA GeForce GTX 1080' (Feature Level 11_0)
[2016.09.24-15.52.07:672][  0]LogD3D11RHI:       8084/0/8169 MB DedicatedVideo/DedicatedSystem/SharedSystem, Outputs:1, VendorId:0x10de
[2016.09.24-15.52.07:673][  0]LogD3D11RHI:    1. 'Microsoft Basic Render Driver' (Feature Level 11_0)
[2016.09.24-15.52.07:673][  0]LogD3D11RHI:       0/0/8169 MB DedicatedVideo/DedicatedSystem/SharedSystem, Outputs:0, VendorId:0x1414
[2016.09.24-15.52.07:673][  0]LogD3D11RHI: Chosen D3D11 Adapter: 0
[2016.09.24-15.52.07:677][  0]LogD3D11RHI: Creating new Direct3DDevice
[2016.09.24-15.52.07:677][  0]LogD3D11RHI:     GPU DeviceId: 0x1b80 (for the marketing name, search the web for "GPU Device Id")
[2016.09.24-15.52.07:677][  0]LogWindows: EnumDisplayDevices:
[2016.09.24-15.52.07:677][  0]LogWindows:    0. 'NVIDIA GeForce GTX 1080' (P:1 D:1)
[2016.09.24-15.52.07:677][  0]LogWindows:    1. 'NVIDIA GeForce GTX 1080' (P:0 D:0)
[2016.09.24-15.52.07:677][  0]LogWindows:    2. 'NVIDIA GeForce GTX 1080' (P:0 D:0)
[2016.09.24-15.52.07:677][  0]LogWindows:    3. 'NVIDIA GeForce GTX 1080' (P:0 D:0)
[2016.09.24-15.52.07:678][  0]LogWindows:    4. 'LogMeIn Mirror Driver' (P:0 D:0)
[2016.09.24-15.52.07:678][  0]LogWindows: DebugString: GetVideoDriverDetailsInvalid PrimaryIsNotTheChoosenAdapter FoundDriverCount:4 
[2016.09.24-15.52.07:678][  0]LogD3D11RHI:     Adapter Name: NVIDIA GeForce GTX 1080
[2016.09.24-15.52.07:678][  0]LogD3D11RHI:   Driver Version: 368.39 (internal:10.18.13.6839, unified:368.39)
[2016.09.24-15.52.07:678][  0]LogD3D11RHI:      Driver Date: 6-2-2016
[2016.09.24-15.52.07:678][  0]LogRHI: Texture pool is 1361 MB (70% of 1945 MB)
[2016.09.24-15.52.07:691][  0]LogD3D11RHI: Async texture creation enabled
[2016.09.24-15.52.07:708][  0]LogD3D11RHI: GPU Timing Frequency: 1000.000000 (Debug: 2 2)
[2016.09.24-15.52.07:708][  0]LogShaderCompilers: Guid format shader working directory is 0 characters bigger than the processId version (../../../../../../radroom/UE4Projects/radroom/Intermediate/Shaders/WorkingDirectory/4568/).
[2016.09.24-15.52.07:708][  0]LogShaderCompilers: Cleaned the shader compiler working directory 'C:/Users/ECOG/AppData/Local/Temp/UnrealShaderWorkingDir/AAF0353E4497B6CAF3E7F6AAEE326F63/'.
[2016.09.24-15.52.07:708][  0]LogShaderCompilers:Display: Using Local Shader Compiler.
[2016.09.24-15.52.08:767][  0]LogTemp:Display: Loaded TP AllDesktopTargetPlatform
[2016.09.24-15.52.08:774][  0]LogTemp:Display: Loaded TP WindowsClientTargetPlatform
[2016.09.24-15.52.08:782][  0]LogTemp:Display: Loaded TP WindowsNoEditorTargetPlatform
[2016.09.24-15.52.08:791][  0]LogTemp:Display: Loaded TP WindowsServerTargetPlatform
[2016.09.24-15.52.08:799][  0]LogTemp:Display: Loaded TP WindowsTargetPlatform
[2016.09.24-15.52.08:806][  0]LogTemp:Display: Loaded TP AndroidTargetPlatform
[2016.09.24-15.52.08:813][  0]LogTemp:Display: Loaded TP Android_ASTCTargetPlatform
[2016.09.24-15.52.08:820][  0]LogTemp:Display: Loaded TP Android_ATCTargetPlatform
[2016.09.24-15.52.08:826][  0]LogTemp:Display: Loaded TP Android_DXTTargetPlatform
[2016.09.24-15.52.08:832][  0]LogTemp:Display: Loaded TP Android_ETC1TargetPlatform
[2016.09.24-15.52.08:840][  0]LogTemp:Display: Loaded TP Android_ETC2TargetPlatform
[2016.09.24-15.52.08:854][  0]LogTemp:Display: Loaded TP Android_MultiTargetPlatform
[2016.09.24-15.52.08:854][  0]LogTemp:Display: Loaded TP Android_PVRTCTargetPlatform
[2016.09.24-15.52.08:855][  0]LogTemp:Display: Loaded TP HTML5TargetPlatform
[2016.09.24-15.52.08:874][  0]LogTemp:Display: Loaded TP IOSTargetPlatform
[2016.09.24-15.52.08:880][  0]LogTemp:Display: Loaded TP TVOSTargetPlatform
[2016.09.24-15.52.08:886][  0]LogTemp:Display: Loaded TP LinuxNoEditorTargetPlatform
[2016.09.24-15.52.08:892][  0]LogTemp:Display: Loaded TP LinuxServerTargetPlatform
[2016.09.24-15.52.08:900][  0]LogTemp:Display: Loaded TP LinuxTargetPlatform
[2016.09.24-15.52.08:900][  0]LogTargetPlatformManager:Display: Building Assets For Windows
[2016.09.24-15.52.08:958][  0]LogDerivedDataCache:Display: Max Cache Size: 512 MB
[2016.09.24-15.52.08:993][  0]LogDerivedDataCache: Loaded boot cache 0.04s 48MB C:/Users/ECOG/AppData/Local/UnrealEngine/4.12/DerivedDataCache/Boot.ddc.
[2016.09.24-15.52.08:993][  0]LogDerivedDataCache:Display: Loaded Boot cache: C:/Users/ECOG/AppData/Local/UnrealEngine/4.12/DerivedDataCache/Boot.ddc
[2016.09.24-15.52.08:993][  0]LogDerivedDataCache: FDerivedDataBackendGraph:  Pak pak cache file ../../../../../../radroom/UE4Projects/radroom/DerivedDataCache/DDC.ddp not found, will not use a pak cache.
[2016.09.24-15.52.08:993][  0]LogDerivedDataCache: Unable to find inner node Pak for hierarchical cache Hierarchy.
[2016.09.24-15.52.08:993][  0]LogDerivedDataCache: FDerivedDataBackendGraph:  CompressedPak pak cache file ../../../../../../radroom/UE4Projects/radroom/DerivedDataCache/Compressed.ddp not found, will not use a pak cache.
[2016.09.24-15.52.08:993][  0]LogDerivedDataCache: Unable to find inner node CompressedPak for hierarchical cache Hierarchy.
[2016.09.24-15.52.09:007][  0]LogDerivedDataCache:Display: Pak cache opened for reading ../../../Engine/DerivedDataCache/Compressed.ddp.
[2016.09.24-15.52.09:018][  0]LogDerivedDataCache: Using Local data cache path C:/Users/ECOG/AppData/Local/UnrealEngine/Common/DerivedDataCache: Writable
[2016.09.24-15.52.09:177][  0]LogInit: Selected Device Profile: [Windows]
[2016.09.24-15.52.09:177][  0]LogContentStreaming: Texture pool size is 0.00 MB
[2016.09.24-15.52.09:314][  0]LogMeshUtilities: No automatic mesh reduction module available
[2016.09.24-15.52.09:314][  0]LogMeshUtilities: No automatic mesh merging module available
[2016.09.24-15.52.09:314][  0]LogMeshUtilities: No distributed automatic mesh merging module available
[2016.09.24-15.52.09:507][  0]LogAssetRegistry: FAssetRegistry took 0.0212 seconds to start up
[2016.09.24-15.52.09:530][  0]LogPackageLocalizationCache: Processed 3 localized package path(s) for 2 prioritized culture(s) in 0.020019 seconds
[2016.09.24-15.52.09:533][  0]LogUObjectArray: 28739 objects as part of root set at end of initial load.
[2016.09.24-15.52.09:533][  0]LogUObjectAllocator: 5855624 out of 0 bytes used by permanent object pool.
[2016.09.24-15.52.09:533][  0]LogUObjectArray: CloseDisregardForGC: 0/0 objects in disregard for GC pool
[2016.09.24-15.52.09:539][  0]LogInit: WinSock: version 1.1 (2.2), MaxSocks=32767, MaxUdp=65467
[2016.09.24-15.52.09:670][  0]LogSlate: SlateFontCache - WITH_FREETYPE: 1, WITH_HARFBUZZ: 1
[2016.09.24-15.52.09:670][  0]LogSlate: SlateFontCache - WITH_FREETYPE: 1, WITH_HARFBUZZ: 1
[2016.09.24-15.52.10:190][  0]LogUdpMessaging: Initializing bridge on interface 0.0.0.0:0 to multicast group 230.0.0.1:6666.
[2016.09.24-15.52.10:375][  0]SourceControl: Info Source control is disabled
[2016.09.24-15.52.10:879][  0]LogEngine: Initializing Engine...
[2016.09.24-15.52.10:892][  0]LogHMD: SteamVR initialized.  Driver: lighthouse  Display: LHR-51FF9CC8
[2016.09.24-15.52.10:907][  0]LogHMD: SteamVR initialized.  Driver: lighthouse  Display: LHR-51FF9CC8
[2016.09.24-15.52.11:015][  0]LogAIModule: Creating AISystem for world NewWorld
[2016.09.24-15.52.11:027][  0]LogInit: XAudio2 using 'Speakers (2- USB Audio Device)' : 2 channels at 44.1 kHz using 16 bits per sample (channel mask 0x3)
[2016.09.24-15.52.11:034][  0]LogInit: FAudioDevice initialized.
[2016.09.24-15.52.11:052][  0]LogDerivedDataCache: Saved boot cache 0.02s 48MB C:/Users/ECOG/AppData/Local/UnrealEngine/4.12/DerivedDataCache/Boot.ddc.
[2016.09.24-15.52.11:056][  0]LogInit: Texture streaming: Enabled
[2016.09.24-15.52.11:074][  0]LogInit: Transaction tracking system initialized
[2016.09.24-15.52.11:092][  0]BlueprintLog: New page: Editor Load
[2016.09.24-15.52.11:144][  0]LocalizationService: Info Localization service is disabled
[2016.09.24-15.52.11:194][  0]LogConsoleResponse:Display: 
[2016.09.24-15.52.11:278][  0]LogCook:Display: Max memory allowance for cook 8192mb
[2016.09.24-15.52.11:278][  0]LogCook:Display: Mobile HDR setting 0
[2016.09.24-15.52.11:281][  0]LogFileCache: Scanning file cache for directory 'C:/radroom/UE4Projects/radroom/Content/' took 0.01s
[2016.09.24-15.52.11:456][  0]Cmd: MAP LOAD FILE="../../../Engine/Content/Maps/Templates/Template_Default.umap" TEMPLATE=1 SHOWPROGRESS=1 FEATURELEVEL=3
[2016.09.24-15.52.11:456][  0]LightingResults: New page: Lighting Build
[2016.09.24-15.52.11:458][  0]MapCheck: New page: Map Check
[2016.09.24-15.52.11:458][  0]LightingResults: New page: Lighting Build
[2016.09.24-15.52.11:673][  0]LogAIModule: Creating AISystem for world Untitled_1
[2016.09.24-15.52.11:677][  0]LogEditorServer: Finished looking for orphan Actors (0.000 secs)
[2016.09.24-15.52.11:681][  0]Cmd: MAP CHECKDEP NOCLEARLOG
[2016.09.24-15.52.11:714][  0]MapCheck: Info Map check complete: 0 Error(s), 0 Warning(s), took 33.021ms to complete.
[2016.09.24-15.52.11:714][  0]LogFileHelpers: Loading map 'Template_Default' took 0.258
[2016.09.24-15.52.11:831][  0]LogCollectionManager: Loaded 0 collections in 0.001504 seconds
[2016.09.24-15.52.11:868][  0]LogFileCache: Scanning file cache for directory 'C:/radroom/UE4Projects/radroom/Saved/Collections/' took 0.01s
[2016.09.24-15.52.11:868][  0]LogFileCache: Scanning file cache for directory 'C:/radroom/UE4Projects/radroom/Content/Developers/ECOG/Collections/' took 0.01s
[2016.09.24-15.52.11:868][  0]LogFileCache: Scanning file cache for directory 'C:/radroom/UE4Projects/radroom/Content/Collections/' took 0.01s
[2016.09.24-15.52.11:868][  0]LogCollectionManager: Rebuilt the GUID cache for 0 collections in 0.000002 seconds
[2016.09.24-15.52.11:875][  0]LogContentBrowser: Native class hierarchy populated in 0.0065 seconds. Added 2047 classes and 369 folders.
[2016.09.24-15.52.11:879][  0]LogStats: UGameplayTagsManager::ConstructGameplayTagTree: Construct from data asset -  0.000 s
[2016.09.24-15.52.11:879][  0]LogStats: UGameplayTagsManager::ConstructGameplayTagTree: GameplayTagTreeChangedEvent.Broadcast -  0.000 s
[2016.09.24-15.52.11:879][  0]LogContentBrowser: Native class hierarchy updated for 'GameplayTags' in 0.0004 seconds. Added 12 classes and 0 folders.
[2016.09.24-15.52.11:883][  0]LogContentBrowser: Native class hierarchy updated for 'WidgetCarousel' in 0.0003 seconds. Added 0 classes and 0 folders.
[2016.09.24-15.52.11:917][  0]LogContentBrowser: Native class hierarchy updated for 'AddContentDialog' in 0.0003 seconds. Added 0 classes and 0 folders.
[2016.09.24-15.52.11:920][  0]LogContentBrowser: Native class hierarchy updated for 'SceneOutliner' in 0.0003 seconds. Added 1 classes and 2 folders.
[2016.09.24-15.52.11:931][  0]LogCrashTracker: Crashtracker disabled due to settings.
[2016.09.24-15.52.11:935][  0]LogUObjectGlobals:Warning: Failed to find object 'Class None.'
[2016.09.24-15.52.11:959][  0]LogContentBrowser: Native class hierarchy updated for 'HierarchicalLODOutliner' in 0.0003 seconds. Added 1 classes and 2 folders.
[2016.09.24-15.52.11:959][  0]LogLoad: Full Startup: 6.22 seconds (BP compile: 0.03 seconds)
[2016.09.24-15.52.11:959][  0]LogExternalProfiler: Found external profiler: VSPerf
[2016.09.24-15.52.11:959][  0]LogExternalProfiler: Using external profiler: VSPerf
[2016.09.24-15.52.11:968][  0]LogOcInput: OculusInput pre-init called
[2016.09.24-15.52.11:987][  0]SourceControl: Info On branch master
[2016.09.24-15.52.11:987][  0]SourceControl: Info Your branch is up-to-date with 'origin/master'.
[2016.09.24-15.52.11:987][  0]SourceControl: Info Changes to be committed:
[2016.09.24-15.52.11:987][  0]SourceControl: Info   (use "git reset HEAD <file>..." to unstage)
[2016.09.24-15.52.11:987][  0]SourceControl: Info 	new file:   .gitmodules
[2016.09.24-15.52.11:987][  0]SourceControl: Info 	new file:   Plugins/GitSourceControl
[2016.09.24-15.52.11:987][  0]SourceControl: Info Untracked files:
[2016.09.24-15.52.11:987][  0]SourceControl: Info   (use "git add <file>..." to include in what will be committed)
[2016.09.24-15.52.11:987][  0]SourceControl: Info 	UE4Projects/
[2016.09.24-15.52.11:987][  0]LogContentStreaming: Texture pool size now 1000 MB
[2016.09.24-15.52.12:126][  0]LogRenderer: Reallocating scene render targets to support 1208x576 (Frame:2).
[2016.09.24-15.52.12:165][  1]LogAssetRegistry: Asset discovery search completed in 2.6795 seconds
[2016.09.24-15.52.12:165][  1]LogCollectionManager: Rebuilt the object cache for 0 collections in 0.000001 seconds (found 0 objects)
[2016.09.24-15.52.12:165][  1]LogCollectionManager: Fixed up redirectors for 0 collections in 0.000018 seconds (updated 0 objects)
[2016.09.24-15.53.24:260][927]LogAIModule: Creating AISystem for world Scene
[2016.09.24-15.53.24:282][927]Cmd: MAP LOAD FILE="../../../../../../radroom/UE4Projects/radroom/Content/Scene.umap" TEMPLATE=0 SHOWPROGRESS=1 FEATURELEVEL=3
[2016.09.24-15.53.24:282][927]LightingResults: New page: Lighting Build
[2016.09.24-15.53.24:283][927]LoadErrors: New page: Loading map: Scene.umap
[2016.09.24-15.53.24:284][927]MapCheck: New page: Map Check
[2016.09.24-15.53.24:284][927]LightingResults: New page: Lighting Build
[2016.09.24-15.53.24:294][927]LogEditorServer: Finished looking for orphan Actors (0.000 secs)
[2016.09.24-15.53.24:311][927]Cmd: MAP CHECKDEP NOCLEARLOG
[2016.09.24-15.53.24:345][927]MapCheck: Info Map check complete: 0 Error(s), 0 Warning(s), took 34.514ms to complete.
[2016.09.24-15.53.24:345][927]LogFileHelpers: Loading map 'Scene' took 0.064
[2016.09.24-15.53.32:027][803]LogContentBrowser: Native class hierarchy updated for 'BlueprintGraph' in 0.0007 seconds. Added 111 classes and 0 folders.
[2016.09.24-15.56.27:416][680]SourceControl:Error: Error fatal: Could not switch to '/Script/': No such file or directory
[2016.09.24-15.58.19:396][ 51]LogPlayLevel: PlayLevel: No blueprints needed recompiling
[2016.09.24-15.58.19:413][ 51]PIE: New page: PIE session: Scene (Sep 24, 2016, 6:58:19 AM)
[2016.09.24-15.58.19:413][ 51]LogPlayLevel: Creating play world package: /Game/UEDPIE_0_Scene
[2016.09.24-15.58.19:415][ 51]LogPlayLevel: PIE: StaticDuplicateObject took: (0.002020s)
[2016.09.24-15.58.19:416][ 51]LogAIModule: Creating AISystem for world Scene
[2016.09.24-15.58.19:416][ 51]LogPlayLevel: PIE: World Init took: (0.000648s)
[2016.09.24-15.58.19:416][ 51]LogPlayLevel: PIE: Created PIE world by copying editor world from /Game/Scene.Scene to /Game/UEDPIE_0_Scene.Scene (0.002917s)
[2016.09.24-15.58.19:448][ 51]LogInit: XAudio2 using 'Speakers (2- USB Audio Device)' : 2 channels at 44.1 kHz using 16 bits per sample (channel mask 0x3)
[2016.09.24-15.58.19:454][ 51]LogInit: FAudioDevice initialized.
[2016.09.24-15.58.19:595][ 51]LogWorld: Game class is 'GameMode'
[2016.09.24-15.58.19:629][ 51]LogWorld: Bringing World /Game/UEDPIE_0_Scene.Scene up for play (max tick rate 0) at 2016.09.24-11.58.19
[2016.09.24-15.58.19:630][ 51]LogWorld: Bringing up level for play took: 0.001830
[2016.09.24-15.58.19:688][ 51]LogContentBrowser: Native class hierarchy updated for 'MovieSceneCapture' in 0.0004 seconds. Added 11 classes and 0 folders.
[2016.09.24-15.58.19:714][ 51]PIE: Info Play in editor start time for /Game/UEDPIE_0_Scene 0.62
[2016.09.24-15.58.19:757][ 52]LogRenderer: Reallocating scene render targets to support 3024x1680 (Frame:32862).
[2016.09.24-16.00.08:718][441]BlueprintLog: New page: Compile VR_Pawn
[2016.09.24-16.00.08:785][441]BlueprintEditorCompileResults: Info [0483.05] Compile of VR_Pawn successful! [in 66 ms] (/Game/VR_Pawn.VR_Pawn)
[2016.09.24-16.00.09:607][525]Cmd: OBJ SAVEPACKAGE PACKAGE="/Game/VR_Pawn" FILE="../../../../../../radroom/UE4Projects/radroom/Content/VR_Pawn.uasset" SILENT=true
[2016.09.24-16.00.09:626][525]LogSavePackage: Save=11.94ms
[2016.09.24-16.00.09:626][525]LogSavePackage: Moving '../../../../../../radroom/UE4Projects/radroom/Saved/VR_PawnAF29ADA04200BB0047B51EBA05FAADDA.tmp' to '../../../../../../radroom/UE4Projects/radroom/Content/VR_Pawn.uasset'
[2016.09.24-16.00.09:627][525]LogSavePackage:Display: Finished SavePackage ../../../../../../radroom/UE4Projects/radroom/Content/VR_Pawn.uasset
[2016.09.24-16.00.15:309][181]LogPlayLevel: PlayLevel: No blueprints needed recompiling
[2016.09.24-16.00.15:309][181]PIE: New page: PIE session: Scene (Sep 24, 2016, 7:00:15 AM)
[2016.09.24-16.00.15:309][181]LogPlayLevel: Creating play world package: /Game/UEDPIE_0_Scene
[2016.09.24-16.00.15:311][181]LogPlayLevel: PIE: StaticDuplicateObject took: (0.001501s)
[2016.09.24-16.00.15:311][181]LogAIModule: Creating AISystem for world Scene
[2016.09.24-16.00.15:311][181]LogPlayLevel: PIE: World Init took: (0.000612s)
[2016.09.24-16.00.15:312][181]LogPlayLevel: PIE: Created PIE world by copying editor world from /Game/Scene.Scene to /Game/UEDPIE_0_Scene.Scene (0.002287s)
[2016.09.24-16.00.15:333][181]LogInit: XAudio2 using 'Speakers (2- USB Audio Device)' : 2 channels at 44.1 kHz using 16 bits per sample (channel mask 0x3)
[2016.09.24-16.00.15:339][181]LogInit: FAudioDevice initialized.
[2016.09.24-16.00.15:439][181]LogWorld: Game class is 'GameMode'
[2016.09.24-16.00.15:440][181]LogWorld: Bringing World /Game/UEDPIE_0_Scene.Scene up for play (max tick rate 0) at 2016.09.24-12.00.15
[2016.09.24-16.00.15:441][181]LogWorld: Bringing up level for play took: 0.001641
[2016.09.24-16.00.15:466][181]PIE: Info Play in editor start time for /Game/UEDPIE_0_Scene 0.372
[2016.09.24-16.00.53:551][836]BlueprintLog: New page: Compile VR_Pawn
[2016.09.24-16.00.53:615][836]BlueprintEditorCompileResults: Info [0527.88] Compile of VR_Pawn successful! [in 63 ms] (/Game/VR_Pawn.VR_Pawn)
[2016.09.24-16.00.54:342][907]Cmd: OBJ SAVEPACKAGE PACKAGE="/Game/VR_Pawn" FILE="../../../../../../radroom/UE4Projects/radroom/Content/VR_Pawn.uasset" SILENT=true
[2016.09.24-16.00.54:356][907]LogSavePackage: Save=11.58ms
[2016.09.24-16.00.54:356][907]LogSavePackage: Moving '../../../../../../radroom/UE4Projects/radroom/Saved/VR_Pawn7AA739734F2107EDB0479FAEDBF26FD9.tmp' to '../../../../../../radroom/UE4Projects/radroom/Content/VR_Pawn.uasset'
[2016.09.24-16.00.54:357][907]LogSavePackage:Display: Finished SavePackage ../../../../../../radroom/UE4Projects/radroom/Content/VR_Pawn.uasset
[2016.09.24-16.00.58:180][327]LogPlayLevel: PlayLevel: No blueprints needed recompiling
[2016.09.24-16.00.58:180][327]PIE: New page: PIE session: Scene (Sep 24, 2016, 7:00:58 AM)
[2016.09.24-16.00.58:180][327]LogPlayLevel: Creating play world package: /Game/UEDPIE_0_Scene
[2016.09.24-16.00.58:182][327]LogPlayLevel: PIE: StaticDuplicateObject took: (0.001569s)
[2016.09.24-16.00.58:182][327]LogAIModule: Creating AISystem for world Scene
[2016.09.24-16.00.58:182][327]LogPlayLevel: PIE: World Init took: (0.000504s)
[2016.09.24-16.00.58:182][327]LogPlayLevel: PIE: Created PIE world by copying editor world from /Game/Scene.Scene to /Game/UEDPIE_0_Scene.Scene (0.002276s)
[2016.09.24-16.00.58:204][327]LogInit: XAudio2 using 'Speakers (2- USB Audio Device)' : 2 channels at 44.1 kHz using 16 bits per sample (channel mask 0x3)
[2016.09.24-16.00.58:209][327]LogInit: FAudioDevice initialized.
[2016.09.24-16.00.58:314][327]LogWorld: Game class is 'GameMode'
[2016.09.24-16.00.58:316][327]LogWorld: Bringing World /Game/UEDPIE_0_Scene.Scene up for play (max tick rate 0) at 2016.09.24-12.00.58
[2016.09.24-16.00.58:317][327]LogWorld: Bringing up level for play took: 0.001694
[2016.09.24-16.00.58:365][327]PIE: Info Play in editor start time for /Game/UEDPIE_0_Scene -0.729
[2016.09.24-16.02.02:913][246]Cmd: OBJ SAVEPACKAGE PACKAGE="/Game/Scene" FILE="../../../../../../radroom/UE4Projects/radroom/Content/Scene.umap" SILENT=true AUTOSAVING=false KEEPDIRTY=false
[2016.09.24-16.02.02:958][246]LogSavePackage: Save=27.17ms
[2016.09.24-16.02.02:959][246]LogSavePackage: Moving '../../../../../../radroom/UE4Projects/radroom/Saved/SceneE2AA83C34E96C01F7B0F3E8294E115AA.tmp' to '../../../../../../radroom/UE4Projects/radroom/Content/Scene.umap'
[2016.09.24-16.02.02:960][246]LogSavePackage:Display: Finished SavePackage ../../../../../../radroom/UE4Projects/radroom/Content/Scene.umap
[2016.09.24-16.02.36:312][578]LogWindows: FPlatformMisc::RequestExit(0)
[2016.09.24-16.02.37:246][579]LogWindowsTextInputMethodSystem:Display: IME system now deactivated.
[2016.09.24-16.02.37:380][579]LogExit: Preparing to exit.
[2016.09.24-16.02.38:471][579]LogExit: Editor shut down
[2016.09.24-16.02.38:471][579]LogExit: Transaction tracking system shut down
[2016.09.24-16.02.38:582][579]LogObj: Freed 0b from 0 cluster array pools.
[2016.09.24-16.02.38:582][579]LogExit: Object subsystem successfully closed.
[2016.09.24-16.02.38:596][579]LogD3D11RHI: Shutdown
[2016.09.24-16.02.38:596][579]LogD3D11RHI: CleanupD3DDevice
[2016.09.24-16.02.38:597][579]LogD3D11RHI: ~FD3D11DynamicRHI
[2016.09.24-16.02.38:608][579]LogModuleManager: Shutting down and abandoning module MovieSceneCapture (215)
[2016.09.24-16.02.38:608][579]LogModuleManager: Shutting down and abandoning module BlueprintGraph (214)
[2016.09.24-16.02.38:608][579]LogModuleManager: Shutting down and abandoning module HierarchicalLODOutliner (213)
[2016.09.24-16.02.38:608][579]LogModuleManager: Shutting down and abandoning module CrashTracker (212)
[2016.09.24-16.02.38:608][579]LogModuleManager: Shutting down and abandoning module SceneOutliner (211)
[2016.09.24-16.02.38:608][579]LogModuleManager: Shutting down and abandoning module WidgetCarousel (210)
[2016.09.24-16.02.38:608][579]LogModuleManager: Shutting down and abandoning module AddContentDialog (209)
[2016.09.24-16.02.38:609][579]LogModuleManager: Shutting down and abandoning module GameplayTags (208)
[2016.09.24-16.02.38:609][579]LogModuleManager: Shutting down and abandoning module EditorWidgets (207)
[2016.09.24-16.02.38:609][579]LogModuleManager: Shutting down and abandoning module CollectionManager (206)
[2016.09.24-16.02.38:609][579]LogModuleManager: Shutting down and abandoning module StatsViewer (205)
[2016.09.24-16.02.38:609][579]LogModuleManager: Shutting down and abandoning module FoliageEdit (204)
[2016.09.24-16.02.38:609][579]LogModuleManager: Shutting down and abandoning module LandscapeEditor (203)
[2016.09.24-16.02.38:609][579]LogModuleManager: Shutting down and abandoning module SceneDepthPickerMode (202)
[2016.09.24-16.02.38:609][579]LogModuleManager: Shutting down and abandoning module ActorPickerMode (201)
[2016.09.24-16.02.38:609][579]LogModuleManager: Shutting down and abandoning module GeometryMode (200)
[2016.09.24-16.02.38:609][579]LogModuleManager: Shutting down and abandoning module TextureAlignMode (199)
[2016.09.24-16.02.38:609][579]LogModuleManager: Shutting down and abandoning module BspMode (198)
[2016.09.24-16.02.38:609][579]LogModuleManager: Shutting down and abandoning module HardwareSurvey (197)
[2016.09.24-16.02.38:609][579]LogModuleManager: Shutting down and abandoning module SequenceRecorderSections (196)
[2016.09.24-16.02.38:609][579]LogModuleManager: Shutting down and abandoning module SequenceRecorder (195)
[2016.09.24-16.02.38:610][579]LogModuleManager: Shutting down and abandoning module AutomationWorker (194)
[2016.09.24-16.02.38:610][579]LogModuleManager: Shutting down and abandoning module MatineeToLevelSequence (193)
[2016.09.24-16.02.38:610][579]LogModuleManager: Shutting down and abandoning module PlacementMode (192)
[2016.09.24-16.02.38:610][579]LogModuleManager: Shutting down and abandoning module LevelSequenceEditor (191)
[2016.09.24-16.02.38:610][579]LogModuleManager: Shutting down and abandoning module CharacterAI (190)
[2016.09.24-16.02.38:610][579]LogModuleManager: Shutting down and abandoning module SmartSnapping (189)
[2016.09.24-16.02.38:610][579]LogModuleManager: Shutting down and abandoning module SessionServices (188)
[2016.09.24-16.02.38:610][579]LogModuleManager: Shutting down and abandoning module ViewportSnapping (187)
[2016.09.24-16.02.38:610][579]LogModuleManager: Shutting down and abandoning module LogVisualizer (186)
[2016.09.24-16.02.38:610][579]LogModuleManager: Shutting down and abandoning module GameProjectGeneration (185)
[2016.09.24-16.02.38:610][579]LogModuleManager: Shutting down and abandoning module IntroTutorials (184)
[2016.09.24-16.02.38:610][579]LogModuleManager: Shutting down and abandoning module EditorLiveStreaming (183)
[2016.09.24-16.02.38:610][579]LogModuleManager: Shutting down and abandoning module IOSPlatformEditor (182)
[2016.09.24-16.02.38:610][579]LogModuleManager: Shutting down and abandoning module HTML5PlatformEditor (181)
[2016.09.24-16.02.38:610][579]LogModuleManager: Shutting down and abandoning module AndroidDeviceDetection (180)
[2016.09.24-16.02.39:289][579]LogModuleManager: Shutting down and abandoning module AndroidPlatformEditor (179)
[2016.09.24-16.02.39:289][579]LogModuleManager: Shutting down and abandoning module IOSRuntimeSettings (178)
[2016.09.24-16.02.39:289][579]LogModuleManager: Shutting down and abandoning module AndroidRuntimeSettings (177)
[2016.09.24-16.02.39:289][579]LogModuleManager: Shutting down and abandoning module MergeActors (176)
[2016.09.24-16.02.39:289][579]LogModuleManager: Shutting down and abandoning module SizeMap (175)
[2016.09.24-16.02.39:289][579]LogModuleManager: Shutting down and abandoning module TreeMap (174)
[2016.09.24-16.02.39:289][579]LogModuleManager: Shutting down and abandoning module ReferenceViewer (173)
[2016.09.24-16.02.39:289][579]LogModuleManager: Shutting down and abandoning module LocalizationService (172)
[2016.09.24-16.02.39:289][579]LogModuleManager: Shutting down and abandoning module LocalizationDashboard (171)
[2016.09.24-16.02.39:289][579]LogModuleManager: Shutting down and abandoning module HardwareTargeting (170)
[2016.09.24-16.02.39:289][579]LogModuleManager: Shutting down and abandoning module DeviceProfileEditor (169)
[2016.09.24-16.02.39:289][579]LogModuleManager: Shutting down and abandoning module UndoHistory (168)
[2016.09.24-16.02.39:289][579]LogModuleManager: Shutting down and abandoning module UserFeedback (167)
[2016.09.24-16.02.39:289][579]LogModuleManager: Shutting down and abandoning module XmlParser (166)
[2016.09.24-16.02.39:289][579]LogModuleManager: Shutting down and abandoning module Blutility (165)
[2016.09.24-16.02.39:289][579]LogModuleManager: Shutting down and abandoning module ProjectTargetPlatformEditor (164)
[2016.09.24-16.02.39:289][579]LogModuleManager: Shutting down and abandoning module ProjectSettingsViewer (163)
[2016.09.24-16.02.39:289][579]LogModuleManager: Shutting down and abandoning module InputBindingEditor (162)
[2016.09.24-16.02.39:290][579]LogModuleManager: Shutting down and abandoning module EditorSettingsViewer (161)
[2016.09.24-16.02.39:290][579]LogModuleManager: Shutting down and abandoning module SettingsEditor (160)
[2016.09.24-16.02.39:290][579]LogModuleManager: Shutting down and abandoning module ProjectLauncher (159)
[2016.09.24-16.02.39:290][579]LogModuleManager: Shutting down and abandoning module SessionFrontend (158)
[2016.09.24-16.02.39:290][579]LogModuleManager: Shutting down and abandoning module ProfilerClient (157)
[2016.09.24-16.02.39:290][579]LogModuleManager: Shutting down and abandoning module TargetDeviceServices (156)
[2016.09.24-16.02.39:290][579]LogModuleManager: Shutting down and abandoning module DeviceManager (155)
[2016.09.24-16.02.39:344][579]LogModuleManager: Shutting down and abandoning module AutomationController (154)
[2016.09.24-16.02.39:344][579]LogModuleManager: Shutting down and abandoning module AutomationWindow (153)
[2016.09.24-16.02.39:344][579]LogModuleManager: Shutting down and abandoning module Layers (152)
[2016.09.24-16.02.39:344][579]LogModuleManager: Shutting down and abandoning module ComponentVisualizers (151)
[2016.09.24-16.02.39:344][579]LogModuleManager: Shutting down and abandoning module DetailCustomizations (150)
[2016.09.24-16.02.39:344][579]LogModuleManager: Shutting down and abandoning module PackagesDialog (149)
[2016.09.24-16.02.39:344][579]LogModuleManager: Shutting down and abandoning module Persona (148)
[2016.09.24-16.02.39:344][579]LogModuleManager: Shutting down and abandoning module Kismet (147)
[2016.09.24-16.02.39:344][579]LogModuleManager: Shutting down and abandoning module GraphEditor (146)
[2016.09.24-16.02.39:344][579]LogModuleManager: Shutting down and abandoning module ClassViewer (145)
[2016.09.24-16.02.39:344][579]LogModuleManager: Shutting down and abandoning module Toolbox (144)
[2016.09.24-16.02.39:344][579]LogModuleManager: Shutting down and abandoning module ModuleUI (143)
[2016.09.24-16.02.39:344][579]LogModuleManager: Shutting down and abandoning module MovieSceneTools (142)
[2016.09.24-16.02.39:344][579]LogModuleManager: Shutting down and abandoning module OutputLog (141)
[2016.09.24-16.02.39:344][579]LogModuleManager: Shutting down and abandoning module GammaUI (140)
[2016.09.24-16.02.39:344][579]LogModuleManager: Shutting down and abandoning module Documentation (139)
[2016.09.24-16.02.39:344][579]LogModuleManager: Shutting down and abandoning module StreamingPauseRendering (138)
[2016.09.24-16.02.39:344][579]LogModuleManager: Shutting down and abandoning module AnalyticsET (137)
[2016.09.24-16.02.39:344][579]LogModuleManager: Shutting down and abandoning module Analytics (136)
[2016.09.24-16.02.39:344][579]LogModuleManager: Shutting down and abandoning module PortalServices (135)
[2016.09.24-16.02.39:344][579]LogModuleManager: Shutting down and abandoning module PortalRpc (134)
[2016.09.24-16.02.39:344][579]LogModuleManager: Shutting down and abandoning module MessagingRpc (133)
[2016.09.24-16.02.39:344][579]LogModuleManager: Shutting down and abandoning module GameplayDebugger (132)
[2016.09.24-16.02.39:344][579]LogModuleManager: Shutting down and abandoning module AITestSuite (131)
[2016.09.24-16.02.39:344][579]LogModuleManager: Shutting down and abandoning module AIModule (130)
[2016.09.24-16.02.39:344][579]LogModuleManager: Shutting down and abandoning module ProfilerService (129)
[2016.09.24-16.02.39:397][579]LogModuleManager: Shutting down and abandoning module TaskGraph (128)
[2016.09.24-16.02.39:397][579]LogModuleManager: Shutting down and abandoning module SlateRemote (127)
[2016.09.24-16.02.39:397][579]LogModuleManager: Shutting down and abandoning module SteamVRController (126)
[2016.09.24-16.02.39:397][579]LogModuleManager: Shutting down and abandoning module SteamVR (125)
[2016.09.24-16.02.39:397][579]LogModuleManager: Shutting down and abandoning module ProceduralMeshComponent (124)
[2016.09.24-16.02.39:398][579]LogModuleManager: Shutting down and abandoning module OculusLibrary (123)
[2016.09.24-16.02.39:398][579]LogModuleManager: Shutting down and abandoning module OculusInput (122)
[2016.09.24-16.02.39:398][579]LogModuleManager: Shutting down and abandoning module CustomMeshComponent (121)
[2016.09.24-16.02.39:398][579]LogModuleManager: Shutting down and abandoning module CableComponent (120)
[2016.09.24-16.02.39:398][579]LogModuleManager: Shutting down and abandoning module ArchVisCharacter (119)
[2016.09.24-16.02.39:398][579]LogModuleManager: Shutting down and abandoning module MediaPlayerEditor (118)
[2016.09.24-16.02.39:398][579]LogModuleManager: Shutting down and abandoning module HTML5Networking (117)
[2016.09.24-16.02.39:398][579]LogModuleManager: Shutting down and abandoning module SuperSearch (116)
[2016.09.24-16.02.39:398][579]LogModuleManager: Shutting down and abandoning module SuperSearchEditor (115)
[2016.09.24-16.02.39:398][579]LogModuleManager: Shutting down and abandoning module SpeedTreeImporter (114)
[2016.09.24-16.02.39:398][579]LogModuleManager: Shutting down and abandoning module PluginBrowser (113)
[2016.09.24-16.02.39:398][579]LogModuleManager: Shutting down and abandoning module EpicSurvey (112)
[2016.09.24-16.02.39:398][579]LogModuleManager: Shutting down and abandoning module DesktopPlatform (111)
[2016.09.24-16.02.39:398][579]LogModuleManager: Shutting down and abandoning module VisualStudioSourceCodeAccess (110)
[2016.09.24-16.02.39:398][579]LogModuleManager: Shutting down and abandoning module UObjectPlugin (109)
[2016.09.24-16.02.39:398][579]LogModuleManager: Shutting down and abandoning module SubversionSourceControl (108)
[2016.09.24-16.02.39:398][579]LogModuleManager: Shutting down and abandoning module PerforceSourceControl (107)
[2016.09.24-16.02.39:398][579]LogModuleManager: Shutting down and abandoning module SourceControl (106)
[2016.09.24-16.02.39:398][579]LogModuleManager: Shutting down and abandoning module GitSourceControl (105)
[2016.09.24-16.02.39:398][579]LogModuleManager: Shutting down and abandoning module LightPropagationVolumeEditor (104)
[2016.09.24-16.02.39:398][579]LogModuleManager: Shutting down and abandoning module PaperTiledImporter (103)
[2016.09.24-16.02.39:398][579]LogModuleManager: Shutting down and abandoning module PaperSpriteSheetImporter (102)
[2016.09.24-16.02.39:398][579]LogModuleManager: Shutting down and abandoning module MeshPaint (101)
[2016.09.24-16.02.39:398][579]LogModuleManager: Shutting down and abandoning module PixelInspectorModule (100)
[2016.09.24-16.02.39:398][579]LogModuleManager: Shutting down and abandoning module HotReload (99)
[2016.09.24-16.02.39:399][579]LogModuleManager: Shutting down and abandoning module MainFrame (98)
[2016.09.24-16.02.39:399][579]LogModuleManager: Shutting down and abandoning module LevelEditor (97)
[2016.09.24-16.02.39:400][579]LogModuleManager: Shutting down and abandoning module ContentBrowser (96)
[2016.09.24-16.02.39:401][579]LogModuleManager: Shutting down and abandoning module Paper2DEditor (95)
[2016.09.24-16.02.39:401][579]LogModuleManager: Shutting down and abandoning module UdpMessaging (94)
[2016.09.24-16.02.39:503][579]LogModuleManager: Shutting down and abandoning module LightPropagationVolumeRuntime (93)
[2016.09.24-16.02.39:503][579]LogModuleManager: Shutting down and abandoning module Paper2D (92)
[2016.09.24-16.02.39:503][579]LogModuleManager: Shutting down and abandoning module WindowsMoviePlayer (91)
[2016.09.24-16.02.39:503][579]LogModuleManager: Shutting down and abandoning module Media (90)
[2016.09.24-16.02.39:503][579]LogModuleManager: Shutting down and abandoning module WmfMedia (89)
[2016.09.24-16.02.39:503][579]LogModuleManager: Shutting down and abandoning module MediaAssets (88)
[2016.09.24-16.02.39:503][579]LogModuleManager: Shutting down and abandoning module GameLiveStreaming (87)
[2016.09.24-16.02.39:503][579]LogModuleManager: Shutting down and abandoning module GameplayTagsEditor (86)
[2016.09.24-16.02.39:503][579]LogModuleManager: Shutting down and abandoning module OnlineBlueprintSupport (85)
[2016.09.24-16.02.39:503][579]LogModuleManager: Shutting down and abandoning module VREditor (84)
[2016.09.24-16.02.39:503][579]LogModuleManager: Shutting down and abandoning module GameplayTasksEditor (83)
[2016.09.24-16.02.39:503][579]LogModuleManager: Shutting down and abandoning module PropertyEditor (82)
[2016.09.24-16.02.39:503][579]LogModuleManager: Shutting down and abandoning module BehaviorTreeEditor (81)
[2016.09.24-16.02.39:503][579]LogModuleManager: Shutting down and abandoning module FunctionalTesting (80)
[2016.09.24-16.02.39:503][579]LogModuleManager: Shutting down and abandoning module CollisionAnalyzer (79)
[2016.09.24-16.02.39:503][579]LogModuleManager: Shutting down and abandoning module Sequencer (78)
[2016.09.24-16.02.39:504][579]LogModuleManager: Shutting down and abandoning module WorkspaceMenuStructure (77)
[2016.09.24-16.02.39:504][579]LogModuleManager: Shutting down and abandoning module MessageLog (76)
[2016.09.24-16.02.39:504][579]LogModuleManager: Shutting down and abandoning module AssetTools (75)
[2016.09.24-16.02.39:504][579]LogModuleManager: Shutting down and abandoning module UMGEditor (74)
[2016.09.24-16.02.39:504][579]LogModuleManager: Shutting down and abandoning module UMG (73)
[2016.09.24-16.02.39:504][579]LogModuleManager: Shutting down and abandoning module SlateReflector (72)
[2016.09.24-16.02.39:504][579]LogModuleManager: Shutting down and abandoning module Slate (71)
[2016.09.24-16.02.39:504][579]LogModuleManager: Shutting down and abandoning module EditorStyle (70)
[2016.09.24-16.02.39:509][579]LogModuleManager: Shutting down and abandoning module SourceCodeAccess (69)
[2016.09.24-16.02.39:509][579]LogModuleManager: Shutting down and abandoning module HeadMountedDisplay (68)
[2016.09.24-16.02.39:509][579]LogModuleManager: Shutting down and abandoning module XAudio2 (67)
[2016.09.24-16.02.39:509][579]LogModuleManager: Shutting down and abandoning module Networking (65)
[2016.09.24-16.02.39:509][579]LogModuleManager: Shutting down and abandoning module Core (64)
[2016.09.24-16.02.39:509][579]LogModuleManager: Shutting down and abandoning module DirectoryWatcher (63)
[2016.09.24-16.02.39:510][579]LogModuleManager: Shutting down and abandoning module AssetRegistry (62)
[2016.09.24-16.02.39:585][579]LogModuleManager: Shutting down and abandoning module KismetCompiler (61)
[2016.09.24-16.02.39:585][579]LogModuleManager: Shutting down and abandoning module PhysXFormats (60)
[2016.09.24-16.02.39:585][579]LogModuleManager: Shutting down and abandoning module MeshUtilities (59)
[2016.09.24-16.02.39:585][579]LogModuleManager: Shutting down and abandoning module DerivedDataCache (58)
[2016.09.24-16.02.39:621][579]LogDerivedDataCache: Shutdown
[2016.09.24-16.02.39:621][579]LogModuleManager: Shutting down and abandoning module VulkanShaderFormat (57)
[2016.09.24-16.02.39:621][579]LogModuleManager: Shutting down and abandoning module ShaderFormatOpenGL (56)
[2016.09.24-16.02.39:621][579]LogModuleManager: Shutting down and abandoning module ShaderFormatD3D (55)
[2016.09.24-16.02.39:621][579]LogModuleManager: Shutting down and abandoning module MetalShaderFormat (54)
[2016.09.24-16.02.39:621][579]LogModuleManager: Shutting down and abandoning module TextureFormatUncompressed (53)
[2016.09.24-16.02.39:621][579]LogModuleManager: Shutting down and abandoning module TextureFormatPVR (52)
[2016.09.24-16.02.39:621][579]LogModuleManager: Shutting down and abandoning module TextureFormatIntelISPCTexComp (51)
[2016.09.24-16.02.39:621][579]LogModuleManager: Shutting down and abandoning module TextureFormatDXT (50)
[2016.09.24-16.02.39:622][579]LogModuleManager: Shutting down and abandoning module ImageWrapper (49)
[2016.09.24-16.02.39:622][579]LogModuleManager: Shutting down and abandoning module TextureFormatASTC (48)
[2016.09.24-16.02.39:622][579]LogModuleManager: Shutting down and abandoning module TextureFormatAndroid (47)
[2016.09.24-16.02.39:622][579]LogModuleManager: Shutting down and abandoning module AudioFormatOpus (46)
[2016.09.24-16.02.39:622][579]LogModuleManager: Shutting down and abandoning module AudioFormatOgg (45)
[2016.09.24-16.02.39:622][579]LogModuleManager: Shutting down and abandoning module AudioFormatADPCM (44)
[2016.09.24-16.02.39:622][579]LogModuleManager: Shutting down and abandoning module LinuxTargetPlatform (43)
[2016.09.24-16.02.39:622][579]LogModuleManager: Shutting down and abandoning module LinuxServerTargetPlatform (42)
[2016.09.24-16.02.39:622][579]LogModuleManager: Shutting down and abandoning module LinuxNoEditorTargetPlatform (41)
[2016.09.24-16.02.39:622][579]LogModuleManager: Shutting down and abandoning module TVOSTargetPlatform (40)
[2016.09.24-16.02.39:622][579]LogModuleManager: Shutting down and abandoning module Messaging (39)
[2016.09.24-16.02.39:622][579]LogModuleManager: Shutting down and abandoning module IOSTargetPlatform (38)
[2016.09.24-16.02.39:622][579]LogModuleManager: Shutting down and abandoning module HTML5TargetPlatform (37)
[2016.09.24-16.02.39:622][579]LogModuleManager: Shutting down and abandoning module Android_PVRTCTargetPlatform (36)
[2016.09.24-16.02.39:622][579]LogModuleManager: Shutting down and abandoning module Android_MultiTargetPlatform (35)
[2016.09.24-16.02.39:622][579]LogModuleManager: Shutting down and abandoning module Android_ETC2TargetPlatform (34)
[2016.09.24-16.02.39:622][579]LogModuleManager: Shutting down and abandoning module Android_ETC1TargetPlatform (33)
[2016.09.24-16.02.39:622][579]LogModuleManager: Shutting down and abandoning module Android_DXTTargetPlatform (32)
[2016.09.24-16.02.39:622][579]LogModuleManager: Shutting down and abandoning module Android_ATCTargetPlatform (31)
[2016.09.24-16.02.39:622][579]LogModuleManager: Shutting down and abandoning module Android_ASTCTargetPlatform (30)
[2016.09.24-16.02.39:622][579]LogModuleManager: Shutting down and abandoning module AndroidTargetPlatform (29)
[2016.09.24-16.02.39:622][579]LogModuleManager: Shutting down and abandoning module WindowsTargetPlatform (28)
[2016.09.24-16.02.39:622][579]LogModuleManager: Shutting down and abandoning module WindowsServerTargetPlatform (27)
[2016.09.24-16.02.39:622][579]LogModuleManager: Shutting down and abandoning module WindowsNoEditorTargetPlatform (26)
[2016.09.24-16.02.39:622][579]LogModuleManager: Shutting down and abandoning module WindowsClientTargetPlatform (25)
[2016.09.24-16.02.39:622][579]LogModuleManager: Shutting down and abandoning module AllDesktopTargetPlatform (24)
[2016.09.24-16.02.39:622][579]LogModuleManager: Shutting down and abandoning module TargetPlatform (23)
[2016.09.24-16.02.39:622][579]LogModuleManager: Shutting down and abandoning module InputCore (22)
[2016.09.24-16.02.39:622][579]LogModuleManager: Shutting down and abandoning module Settings (21)
[2016.09.24-16.02.39:622][579]LogModuleManager: Shutting down and abandoning module OnlineSubsystem (19)
[2016.09.24-16.02.39:622][579]LogModuleManager: Shutting down and abandoning module HTTP (18)
[2016.09.24-16.02.44:134][579]LogModuleManager: Shutting down and abandoning module XMPP (17)
[2016.09.24-16.02.44:134][579]LogModuleManager: Shutting down and abandoning module OculusRift (16)
[2016.09.24-16.02.44:134][579]LogModuleManager: Shutting down and abandoning module ExampleDeviceProfileSelector (15)
[2016.09.24-16.02.44:134][579]LogModuleManager: Shutting down and abandoning module TextureCompressor (14)
[2016.09.24-16.02.44:134][579]LogModuleManager: Shutting down and abandoning module ShaderCore (13)
[2016.09.24-16.02.44:134][579]LogModuleManager: Shutting down and abandoning module Landscape (12)
[2016.09.24-16.02.44:134][579]LogModuleManager: Shutting down and abandoning module SlateRHIRenderer (11)
[2016.09.24-16.02.44:135][579]LogModuleManager: Shutting down and abandoning module OpenGLDrv (10)
[2016.09.24-16.02.44:135][579]LogModuleManager: Shutting down and abandoning module D3D11RHI (9)
[2016.09.24-16.02.44:135][579]LogModuleManager: Shutting down and abandoning module AnimGraphRuntime (8)
[2016.09.24-16.02.44:135][579]LogModuleManager: Shutting down and abandoning module Renderer (7)
[2016.09.24-16.02.44:135][579]LogModuleManager: Shutting down and abandoning module Engine (6)
[2016.09.24-16.02.44:135][579]LogModuleManager: Shutting down and abandoning module CoreUObject (5)
[2016.09.24-16.02.44:135][579]LogModuleManager: Shutting down and abandoning module NetworkFile (4)
[2016.09.24-16.02.44:135][579]LogModuleManager: Shutting down and abandoning module StreamingFile (3)
[2016.09.24-16.02.44:135][579]LogModuleManager: Shutting down and abandoning module SandboxFile (2)
[2016.09.24-16.02.44:135][579]LogModuleManager: Shutting down and abandoning module PakFile (1)
[2016.09.24-16.02.44:136][579]LogExit: Exiting.
[2016.09.24-16.02.44:145][579]Log file closed, 09/24/16 12:02:44
