Log file open, 09/24/16 12:05:12
LogInit:Display: Running engine for game: radroom
LogPlatformFile: Not using cached read wrapper
LogInit:Display: RandInit(-1877799667) SRandInit(-1877799666).
LogTaskGraph: Started task graph with 4 named threads and 7 total threads with 1 sets of task threads.
LogStats: Stats thread started at 0.069698
LogInit: Version: 4.12.5-3039270+++UE4+Release-4.12
LogInit: API Version: 2992821
LogInit: Net Version: 3039270
LogDevObjectVersion: Number of dev versions registered: 13
LogDevObjectVersion:   Dev-Blueprints (B0D832E4-1F89-4F0D-ACCF-7EB736FD4AA2): 3
LogDevObjectVersion:   Dev-Build (E1C64328-A22C-4D53-A36C-8E866417BD8C): 0
LogDevObjectVersion:   Dev-Core (375EC13C-06E4-48FB-B500-84F0262A717E): 1
LogDevObjectVersion:   Dev-Editor (E4B068ED-F494-42E9-A231-DA0B2E46BB41): 2
LogDevObjectVersion:   Dev-Framework (CFFC743F-43B0-4480-9391-14DF171D2073): 6
LogDevObjectVersion:   Dev-Mobile (B02B49B5-BB20-44E9-A304-32B752E40360): 0
LogDevObjectVersion:   Dev-Networking (A4E4105C-59A1-49B5-A7C5-40C4547EDFEE): 0
LogDevObjectVersion:   Dev-Online (39C831C9-5AE6-47DC-9A44-9C173E1C8E7C): 0
LogDevObjectVersion:   Dev-Physics (78F01B33-EBEA-4F98-B9B4-84EACCB95AA2): 0
LogDevObjectVersion:   Dev-Platform (6631380F-2D4D-43E0-8009-CF276956A95A): 0
LogDevObjectVersion:   Dev-Rendering (12F88B9F-8875-4AFC-A67C-D90C383ABD29): 2
LogDevObjectVersion:   Dev-Sequencer (7B5AE74C-D270-4C10-A958-57980B212A5A): 0
LogDevObjectVersion:   Dev-VR (D7296918-1DD6-4BDD-9DE2-64A83CC13884): 0
LogInit: Compiled (64-bit): Jul  6 2016 09:09:46
LogInit: Compiled with Visual C++: 19.00.23026.00
LogInit: Build Configuration: Development
LogInit: Branch Name: ++UE4+Release-4.12
LogInit: Command line: -EpicPortal 
LogInit: Base directory: C:/Program Files (x86)/Epic Games/4.12/Engine/Binaries/Win64/
LogInit: Installed Engine Build: 1
LogInit: Using libcurl 7.41.0
LogInit:  - built for x86_64-pc-win32
LogInit:  - supports SSL with WinSSL
LogInit:  - other features:
LogInit:      CURL_VERSION_SSL
LogInit:      CURL_VERSION_IPV6
LogInit:      CURL_VERSION_ASYNCHDNS
LogInit:      CURL_VERSION_LARGEFILE
LogInit:      CURL_VERSION_IDN
LogInit:  CurlRequestOptions (configurable via config and command line):
LogInit:  - bVerifyPeer = true  - Libcurl will verify peer certificate
LogInit:  - bUseHttpProxy = false  - Libcurl will NOT use HTTP proxy
LogInit:  - bDontReuseConnections = false  - Libcurl will reuse connections
LogInit:  - CertBundlePath = nullptr  - Libcurl will use whatever was configured at build time.
LogInit: Presizing for max 8388607 objects, including 0 objects not considered by GC, pre-allocating 0 bytes for permanent pool.
LogInit: Object subsystem initialized
[2016.09.24-16.05.12:588][  0]LogInit: Selected Device Profile: [Windows]
[2016.09.24-16.05.12:588][  0]LogInit: Applying CVar settings loaded from the selected device profile: [Windows]
[2016.09.24-16.05.12:598][  0]LogInit: Computer: BEAUTY
[2016.09.24-16.05.12:598][  0]LogInit: User: ECOG
[2016.09.24-16.05.12:598][  0]LogInit: CPU Page size=65536, Cores=4
[2016.09.24-16.05.12:598][  0]LogInit: High frequency timer resolution =3.451699 MHz
[2016.09.24-16.05.12:598][  0]LogMemory: Memory total: Physical=16.0GB (16GB approx)
[2016.09.24-16.05.12:598][  0]LogMemory: Platform Memory Stats for Windows
[2016.09.24-16.05.12:599][  0]LogMemory: Process Physical Memory: 189.90 MB used, 189.90 MB peak
[2016.09.24-16.05.12:599][  0]LogMemory: Process Virtual Memory: 195.25 MB used, 195.25 MB peak
[2016.09.24-16.05.12:599][  0]LogMemory: Physical Memory: 6259.39 MB used, 16339.50 MB total
[2016.09.24-16.05.12:599][  0]LogMemory: Virtual Memory: 554.56 MB used, 134217728.00 MB total
[2016.09.24-16.05.12:625][  0]LogTextLocalizationManager: No specific translations for ('en-US') exist, so ('en') translations will be used.
[2016.09.24-16.05.12:939][  0]LogD3D11RHI: D3D11 adapters:
[2016.09.24-16.05.12:960][  0]LogD3D11RHI:    0. 'NVIDIA GeForce GTX 1080' (Feature Level 11_0)
[2016.09.24-16.05.12:960][  0]LogD3D11RHI:       8084/0/8169 MB DedicatedVideo/DedicatedSystem/SharedSystem, Outputs:1, VendorId:0x10de
[2016.09.24-16.05.12:962][  0]LogD3D11RHI:    1. 'Microsoft Basic Render Driver' (Feature Level 11_0)
[2016.09.24-16.05.12:962][  0]LogD3D11RHI:       0/0/8169 MB DedicatedVideo/DedicatedSystem/SharedSystem, Outputs:0, VendorId:0x1414
[2016.09.24-16.05.12:962][  0]LogD3D11RHI: Chosen D3D11 Adapter: 0
[2016.09.24-16.05.12:966][  0]LogD3D11RHI: Creating new Direct3DDevice
[2016.09.24-16.05.12:966][  0]LogD3D11RHI:     GPU DeviceId: 0x1b80 (for the marketing name, search the web for "GPU Device Id")
[2016.09.24-16.05.12:966][  0]LogWindows: EnumDisplayDevices:
[2016.09.24-16.05.12:966][  0]LogWindows:    0. 'NVIDIA GeForce GTX 1080' (P:1 D:1)
[2016.09.24-16.05.12:966][  0]LogWindows:    1. 'NVIDIA GeForce GTX 1080' (P:0 D:0)
[2016.09.24-16.05.12:966][  0]LogWindows:    2. 'NVIDIA GeForce GTX 1080' (P:0 D:0)
[2016.09.24-16.05.12:967][  0]LogWindows:    3. 'NVIDIA GeForce GTX 1080' (P:0 D:0)
[2016.09.24-16.05.12:967][  0]LogWindows:    4. 'LogMeIn Mirror Driver' (P:0 D:0)
[2016.09.24-16.05.12:967][  0]LogWindows: DebugString: GetVideoDriverDetailsInvalid PrimaryIsNotTheChoosenAdapter FoundDriverCount:4 
[2016.09.24-16.05.12:967][  0]LogD3D11RHI:     Adapter Name: NVIDIA GeForce GTX 1080
[2016.09.24-16.05.12:967][  0]LogD3D11RHI:   Driver Version: 368.39 (internal:10.18.13.6839, unified:368.39)
[2016.09.24-16.05.12:967][  0]LogD3D11RHI:      Driver Date: 6-2-2016
[2016.09.24-16.05.12:967][  0]LogRHI: Texture pool is 1361 MB (70% of 1945 MB)
[2016.09.24-16.05.12:980][  0]LogD3D11RHI: Async texture creation enabled
[2016.09.24-16.05.12:996][  0]LogD3D11RHI: GPU Timing Frequency: 1000.000000 (Debug: 2 2)
[2016.09.24-16.05.12:996][  0]LogShaderCompilers: Guid format shader working directory is 0 characters bigger than the processId version (../../../../../../radroom/UE4Projects/radroom/Intermediate/Shaders/WorkingDirectory/4524/).
[2016.09.24-16.05.12:996][  0]LogShaderCompilers: Cleaned the shader compiler working directory 'C:/Users/ECOG/AppData/Local/Temp/UnrealShaderWorkingDir/89584E2F49B207C3B38452B3C7CA309D/'.
[2016.09.24-16.05.12:996][  0]LogShaderCompilers:Display: Using Local Shader Compiler.
[2016.09.24-16.05.13:967][  0]LogTemp:Display: Loaded TP AllDesktopTargetPlatform
[2016.09.24-16.05.13:976][  0]LogTemp:Display: Loaded TP WindowsClientTargetPlatform
[2016.09.24-16.05.13:984][  0]LogTemp:Display: Loaded TP WindowsNoEditorTargetPlatform
[2016.09.24-16.05.13:994][  0]LogTemp:Display: Loaded TP WindowsServerTargetPlatform
[2016.09.24-16.05.14:002][  0]LogTemp:Display: Loaded TP WindowsTargetPlatform
[2016.09.24-16.05.14:010][  0]LogTemp:Display: Loaded TP AndroidTargetPlatform
[2016.09.24-16.05.14:016][  0]LogTemp:Display: Loaded TP Android_ASTCTargetPlatform
[2016.09.24-16.05.14:023][  0]LogTemp:Display: Loaded TP Android_ATCTargetPlatform
[2016.09.24-16.05.14:030][  0]LogTemp:Display: Loaded TP Android_DXTTargetPlatform
[2016.09.24-16.05.14:037][  0]LogTemp:Display: Loaded TP Android_ETC1TargetPlatform
[2016.09.24-16.05.14:044][  0]LogTemp:Display: Loaded TP Android_ETC2TargetPlatform
[2016.09.24-16.05.14:058][  0]LogTemp:Display: Loaded TP Android_MultiTargetPlatform
[2016.09.24-16.05.14:058][  0]LogTemp:Display: Loaded TP Android_PVRTCTargetPlatform
[2016.09.24-16.05.14:058][  0]LogTemp:Display: Loaded TP HTML5TargetPlatform
[2016.09.24-16.05.14:078][  0]LogTemp:Display: Loaded TP IOSTargetPlatform
[2016.09.24-16.05.14:085][  0]LogTemp:Display: Loaded TP TVOSTargetPlatform
[2016.09.24-16.05.14:092][  0]LogTemp:Display: Loaded TP LinuxNoEditorTargetPlatform
[2016.09.24-16.05.14:098][  0]LogTemp:Display: Loaded TP LinuxServerTargetPlatform
[2016.09.24-16.05.14:105][  0]LogTemp:Display: Loaded TP LinuxTargetPlatform
[2016.09.24-16.05.14:105][  0]LogTargetPlatformManager:Display: Building Assets For Windows
[2016.09.24-16.05.14:169][  0]LogDerivedDataCache:Display: Max Cache Size: 512 MB
[2016.09.24-16.05.14:206][  0]LogDerivedDataCache: Loaded boot cache 0.04s 48MB C:/Users/ECOG/AppData/Local/UnrealEngine/4.12/DerivedDataCache/Boot.ddc.
[2016.09.24-16.05.14:206][  0]LogDerivedDataCache:Display: Loaded Boot cache: C:/Users/ECOG/AppData/Local/UnrealEngine/4.12/DerivedDataCache/Boot.ddc
[2016.09.24-16.05.14:206][  0]LogDerivedDataCache: FDerivedDataBackendGraph:  Pak pak cache file ../../../../../../radroom/UE4Projects/radroom/DerivedDataCache/DDC.ddp not found, will not use a pak cache.
[2016.09.24-16.05.14:206][  0]LogDerivedDataCache: Unable to find inner node Pak for hierarchical cache Hierarchy.
[2016.09.24-16.05.14:206][  0]LogDerivedDataCache: FDerivedDataBackendGraph:  CompressedPak pak cache file ../../../../../../radroom/UE4Projects/radroom/DerivedDataCache/Compressed.ddp not found, will not use a pak cache.
[2016.09.24-16.05.14:206][  0]LogDerivedDataCache: Unable to find inner node CompressedPak for hierarchical cache Hierarchy.
[2016.09.24-16.05.14:221][  0]LogDerivedDataCache:Display: Pak cache opened for reading ../../../Engine/DerivedDataCache/Compressed.ddp.
[2016.09.24-16.05.14:232][  0]LogDerivedDataCache: Using Local data cache path C:/Users/ECOG/AppData/Local/UnrealEngine/Common/DerivedDataCache: Writable
[2016.09.24-16.05.14:402][  0]LogInit: Selected Device Profile: [Windows]
[2016.09.24-16.05.14:402][  0]LogContentStreaming: Texture pool size is 0.00 MB
[2016.09.24-16.05.14:540][  0]LogMeshUtilities: No automatic mesh reduction module available
[2016.09.24-16.05.14:540][  0]LogMeshUtilities: No automatic mesh merging module available
[2016.09.24-16.05.14:540][  0]LogMeshUtilities: No distributed automatic mesh merging module available
[2016.09.24-16.05.14:739][  0]LogAssetRegistry: FAssetRegistry took 0.0212 seconds to start up
[2016.09.24-16.05.14:760][  0]LogPackageLocalizationCache: Processed 3 localized package path(s) for 2 prioritized culture(s) in 0.018803 seconds
[2016.09.24-16.05.14:764][  0]LogUObjectArray: 28739 objects as part of root set at end of initial load.
[2016.09.24-16.05.14:764][  0]LogUObjectAllocator: 5855632 out of 0 bytes used by permanent object pool.
[2016.09.24-16.05.14:764][  0]LogUObjectArray: CloseDisregardForGC: 0/0 objects in disregard for GC pool
[2016.09.24-16.05.14:770][  0]LogInit: WinSock: version 1.1 (2.2), MaxSocks=32767, MaxUdp=65467
[2016.09.24-16.05.14:907][  0]LogSlate: SlateFontCache - WITH_FREETYPE: 1, WITH_HARFBUZZ: 1
[2016.09.24-16.05.14:907][  0]LogSlate: SlateFontCache - WITH_FREETYPE: 1, WITH_HARFBUZZ: 1
[2016.09.24-16.05.15:438][  0]LogUdpMessaging: Initializing bridge on interface 0.0.0.0:0 to multicast group 230.0.0.1:6666.
[2016.09.24-16.05.15:620][  0]SourceControl: Info Source control is disabled
[2016.09.24-16.05.16:138][  0]LogEngine: Initializing Engine...
[2016.09.24-16.05.16:155][  0]LogHMD: SteamVR initialized.  Driver: lighthouse  Display: LHR-51FF9CC8
[2016.09.24-16.05.16:168][  0]LogHMD: SteamVR initialized.  Driver: lighthouse  Display: LHR-51FF9CC8
[2016.09.24-16.05.16:278][  0]LogAIModule: Creating AISystem for world NewWorld
[2016.09.24-16.05.16:290][  0]LogInit: XAudio2 using 'Speakers (2- USB Audio Device)' : 2 channels at 44.1 kHz using 16 bits per sample (channel mask 0x3)
[2016.09.24-16.05.16:297][  0]LogInit: FAudioDevice initialized.
[2016.09.24-16.05.16:314][  0]LogDerivedDataCache: Saved boot cache 0.02s 48MB C:/Users/ECOG/AppData/Local/UnrealEngine/4.12/DerivedDataCache/Boot.ddc.
[2016.09.24-16.05.16:319][  0]LogInit: Texture streaming: Enabled
[2016.09.24-16.05.16:337][  0]LogInit: Transaction tracking system initialized
[2016.09.24-16.05.16:353][  0]BlueprintLog: New page: Editor Load
[2016.09.24-16.05.16:406][  0]LocalizationService: Info Localization service is disabled
[2016.09.24-16.05.16:457][  0]LogConsoleResponse:Display: 
[2016.09.24-16.05.16:545][  0]LogCook:Display: Max memory allowance for cook 8192mb
[2016.09.24-16.05.16:545][  0]LogCook:Display: Mobile HDR setting 0
[2016.09.24-16.05.16:726][  0]LogFileCache: Scanning file cache for directory 'C:/radroom/UE4Projects/radroom/Content/' took 0.01s
[2016.09.24-16.05.16:726][  0]Cmd: MAP LOAD FILE="../../../Engine/Content/Maps/Templates/Template_Default.umap" TEMPLATE=1 SHOWPROGRESS=1 FEATURELEVEL=3
[2016.09.24-16.05.16:726][  0]LightingResults: New page: Lighting Build
[2016.09.24-16.05.16:728][  0]MapCheck: New page: Map Check
[2016.09.24-16.05.16:729][  0]LightingResults: New page: Lighting Build
[2016.09.24-16.05.16:952][  0]LogAIModule: Creating AISystem for world Untitled_1
[2016.09.24-16.05.16:956][  0]LogEditorServer: Finished looking for orphan Actors (0.000 secs)
[2016.09.24-16.05.16:960][  0]Cmd: MAP CHECKDEP NOCLEARLOG
[2016.09.24-16.05.16:993][  0]MapCheck: Info Map check complete: 0 Error(s), 0 Warning(s), took 32.731ms to complete.
[2016.09.24-16.05.16:993][  0]LogFileHelpers: Loading map 'Template_Default' took 0.267
[2016.09.24-16.05.17:104][  0]LogCollectionManager: Loaded 0 collections in 0.001541 seconds
[2016.09.24-16.05.17:142][  0]LogFileCache: Scanning file cache for directory 'C:/radroom/UE4Projects/radroom/Saved/Collections/' took 0.01s
[2016.09.24-16.05.17:142][  0]LogFileCache: Scanning file cache for directory 'C:/radroom/UE4Projects/radroom/Content/Developers/ECOG/Collections/' took 0.01s
[2016.09.24-16.05.17:142][  0]LogFileCache: Scanning file cache for directory 'C:/radroom/UE4Projects/radroom/Content/Collections/' took 0.01s
[2016.09.24-16.05.17:142][  0]LogCollectionManager: Rebuilt the GUID cache for 0 collections in 0.000002 seconds
[2016.09.24-16.05.17:149][  0]LogContentBrowser: Native class hierarchy populated in 0.0070 seconds. Added 2047 classes and 369 folders.
[2016.09.24-16.05.17:152][  0]LogStats: UGameplayTagsManager::ConstructGameplayTagTree: Construct from data asset -  0.000 s
[2016.09.24-16.05.17:152][  0]LogStats: UGameplayTagsManager::ConstructGameplayTagTree: GameplayTagTreeChangedEvent.Broadcast -  0.000 s
[2016.09.24-16.05.17:153][  0]LogContentBrowser: Native class hierarchy updated for 'GameplayTags' in 0.0004 seconds. Added 12 classes and 0 folders.
[2016.09.24-16.05.17:156][  0]LogContentBrowser: Native class hierarchy updated for 'WidgetCarousel' in 0.0003 seconds. Added 0 classes and 0 folders.
[2016.09.24-16.05.17:192][  0]LogContentBrowser: Native class hierarchy updated for 'AddContentDialog' in 0.0003 seconds. Added 0 classes and 0 folders.
[2016.09.24-16.05.17:195][  0]LogContentBrowser: Native class hierarchy updated for 'SceneOutliner' in 0.0003 seconds. Added 1 classes and 2 folders.
[2016.09.24-16.05.17:207][  0]LogCrashTracker: Crashtracker disabled due to settings.
[2016.09.24-16.05.17:210][  0]LogUObjectGlobals:Warning: Failed to find object 'Class None.'
[2016.09.24-16.05.17:235][  0]LogContentBrowser: Native class hierarchy updated for 'HierarchicalLODOutliner' in 0.0003 seconds. Added 1 classes and 2 folders.
[2016.09.24-16.05.17:236][  0]LogLoad: Full Startup: 5.28 seconds (BP compile: 0.03 seconds)
[2016.09.24-16.05.17:236][  0]LogExternalProfiler: Found external profiler: VSPerf
[2016.09.24-16.05.17:236][  0]LogExternalProfiler: Using external profiler: VSPerf
[2016.09.24-16.05.17:245][  0]LogOcInput: OculusInput pre-init called
[2016.09.24-16.05.17:263][  0]SourceControl: Info On branch master
[2016.09.24-16.05.17:263][  0]SourceControl: Info Your branch is up-to-date with 'origin/master'.
[2016.09.24-16.05.17:263][  0]SourceControl: Info Changes to be committed:
[2016.09.24-16.05.17:263][  0]SourceControl: Info   (use "git reset HEAD <file>..." to unstage)
[2016.09.24-16.05.17:263][  0]SourceControl: Info 	new file:   .gitmodules
[2016.09.24-16.05.17:263][  0]SourceControl: Info 	new file:   Plugins/GitSourceControl
[2016.09.24-16.05.17:263][  0]SourceControl: Info Untracked files:
[2016.09.24-16.05.17:263][  0]SourceControl: Info   (use "git add <file>..." to include in what will be committed)
[2016.09.24-16.05.17:263][  0]SourceControl: Info 	UE4Projects/
[2016.09.24-16.05.17:263][  0]LogContentStreaming: Texture pool size now 1000 MB
[2016.09.24-16.05.17:405][  0]LogRenderer: Reallocating scene render targets to support 1208x576 (Frame:2).
[2016.09.24-16.05.17:445][  1]LogAssetRegistry: Asset discovery search completed in 2.7268 seconds
[2016.09.24-16.05.17:445][  1]LogCollectionManager: Rebuilt the object cache for 0 collections in 0.000001 seconds (found 0 objects)
[2016.09.24-16.05.17:445][  1]LogCollectionManager: Fixed up redirectors for 0 collections in 0.000018 seconds (updated 0 objects)
[2016.09.24-16.05.22:593][611]LogAIModule: Creating AISystem for world Scene
[2016.09.24-16.05.32:309][764]Cmd: MAP LOAD FILE="../../../../../../radroom/UE4Projects/radroom/Content/Scene.umap" TEMPLATE=0 SHOWPROGRESS=1 FEATURELEVEL=3
[2016.09.24-16.05.32:309][764]LightingResults: New page: Lighting Build
[2016.09.24-16.05.32:310][764]LoadErrors: New page: Loading map: Scene.umap
[2016.09.24-16.05.32:310][764]MapCheck: New page: Map Check
[2016.09.24-16.05.32:310][764]LightingResults: New page: Lighting Build
[2016.09.24-16.05.32:320][764]LogEditorServer: Finished looking for orphan Actors (0.000 secs)
[2016.09.24-16.05.32:338][764]Cmd: MAP CHECKDEP NOCLEARLOG
[2016.09.24-16.05.32:372][764]MapCheck: Info Map check complete: 0 Error(s), 0 Warning(s), took 33.931ms to complete.
[2016.09.24-16.05.32:372][764]LogFileHelpers: Loading map 'Scene' took 0.064
[2016.09.24-16.05.36:517][214]LogContentBrowser: Native class hierarchy updated for 'BlueprintGraph' in 0.0006 seconds. Added 111 classes and 0 folders.
[2016.09.24-16.05.49:859][536]LogPlayLevel: PlayLevel: No blueprints needed recompiling
[2016.09.24-16.05.49:859][536]PIE: New page: PIE session: Scene (Sep 24, 2016, 7:05:49 AM)
[2016.09.24-16.05.49:859][536]LogPlayLevel: Creating play world package: /Game/UEDPIE_0_Scene
[2016.09.24-16.05.49:861][536]LogPlayLevel: PIE: StaticDuplicateObject took: (0.002020s)
[2016.09.24-16.05.49:862][536]LogAIModule: Creating AISystem for world Scene
[2016.09.24-16.05.49:862][536]LogPlayLevel: PIE: World Init took: (0.000795s)
[2016.09.24-16.05.49:862][536]LogPlayLevel: PIE: Created PIE world by copying editor world from /Game/Scene.Scene to /Game/UEDPIE_0_Scene.Scene (0.002974s)
[2016.09.24-16.05.49:893][536]LogInit: XAudio2 using 'Speakers (2- USB Audio Device)' : 2 channels at 44.1 kHz using 16 bits per sample (channel mask 0x3)
[2016.09.24-16.05.49:899][536]LogInit: FAudioDevice initialized.
[2016.09.24-16.05.50:016][536]LogWorld: Game class is 'GameMode'
[2016.09.24-16.05.50:019][536]LogWorld: Bringing World /Game/UEDPIE_0_Scene.Scene up for play (max tick rate 0) at 2016.09.24-12.05.50
[2016.09.24-16.05.50:019][536]LogWorld: Bringing up level for play took: 0.001522
[2016.09.24-16.05.50:022][536]LogContentBrowser: Native class hierarchy updated for 'MovieSceneCapture' in 0.0004 seconds. Added 11 classes and 0 folders.
[2016.09.24-16.05.50:069][536]PIE: Info Play in editor start time for /Game/UEDPIE_0_Scene 0.975
[2016.09.24-16.05.50:074][537]LogRenderer: Reallocating scene render targets to support 3024x1680 (Frame:3391).
[2016.09.24-16.06.31:431][460]BlueprintLog: New page: Compile VR_Pawn
[2016.09.24-16.06.31:497][460]BlueprintEditorCompileResults: Info [0079.54] Compile of VR_Pawn successful! [in 66 ms] (/Game/VR_Pawn.VR_Pawn)
[2016.09.24-16.06.33:475][668]Cmd: OBJ SAVEPACKAGE PACKAGE="/Game/VR_Pawn" FILE="../../../../../../radroom/UE4Projects/radroom/Content/VR_Pawn.uasset" SILENT=true
[2016.09.24-16.06.33:493][668]LogSavePackage: Save=11.83ms
[2016.09.24-16.06.33:494][668]LogSavePackage: Moving '../../../../../../radroom/UE4Projects/radroom/Saved/VR_Pawn48873E594FE1C2C918379888C49932C5.tmp' to '../../../../../../radroom/UE4Projects/radroom/Content/VR_Pawn.uasset'
[2016.09.24-16.06.33:497][668]LogSavePackage:Display: Finished SavePackage ../../../../../../radroom/UE4Projects/radroom/Content/VR_Pawn.uasset
[2016.09.24-16.06.36:348][970]LogPlayLevel: PlayLevel: No blueprints needed recompiling
[2016.09.24-16.06.36:348][970]PIE: New page: PIE session: Scene (Sep 24, 2016, 7:06:36 AM)
[2016.09.24-16.06.36:348][970]LogPlayLevel: Creating play world package: /Game/UEDPIE_0_Scene
[2016.09.24-16.06.36:349][970]LogPlayLevel: PIE: StaticDuplicateObject took: (0.001398s)
[2016.09.24-16.06.36:350][970]LogAIModule: Creating AISystem for world Scene
[2016.09.24-16.06.36:350][970]LogPlayLevel: PIE: World Init took: (0.000625s)
[2016.09.24-16.06.36:350][970]LogPlayLevel: PIE: Created PIE world by copying editor world from /Game/Scene.Scene to /Game/UEDPIE_0_Scene.Scene (0.002215s)
[2016.09.24-16.06.36:372][970]LogInit: XAudio2 using 'Speakers (2- USB Audio Device)' : 2 channels at 44.1 kHz using 16 bits per sample (channel mask 0x3)
[2016.09.24-16.06.36:377][970]LogInit: FAudioDevice initialized.
[2016.09.24-16.06.36:484][970]LogWorld: Game class is 'GameMode'
[2016.09.24-16.06.36:486][970]LogWorld: Bringing World /Game/UEDPIE_0_Scene.Scene up for play (max tick rate 0) at 2016.09.24-12.06.36
[2016.09.24-16.06.36:486][970]LogWorld: Bringing up level for play took: 0.001644
[2016.09.24-16.06.36:536][970]PIE: Info Play in editor start time for /Game/UEDPIE_0_Scene -0.558
[2016.09.24-16.14.42:045][430]Cmd: OBJ SAVEPACKAGE PACKAGE="/Game/Scene" FILE="../../../../../../radroom/UE4Projects/radroom/Content/Scene.umap" SILENT=true AUTOSAVING=false KEEPDIRTY=false
[2016.09.24-16.14.42:085][430]LogSavePackage: Save=22.50ms
[2016.09.24-16.14.42:085][430]LogSavePackage: Moving '../../../../../../radroom/UE4Projects/radroom/Saved/Scene1A3F54354424A807972BA0B32C5D3F41.tmp' to '../../../../../../radroom/UE4Projects/radroom/Content/Scene.umap'
[2016.09.24-16.14.42:087][430]LogSavePackage:Display: Finished SavePackage ../../../../../../radroom/UE4Projects/radroom/Content/Scene.umap
[2016.09.24-16.14.45:521][835]LogPlayLevel: PlayLevel: No blueprints needed recompiling
[2016.09.24-16.14.45:521][835]PIE: New page: PIE session: Scene (Sep 24, 2016, 7:14:45 AM)
[2016.09.24-16.14.45:521][835]LogPlayLevel: Creating play world package: /Game/UEDPIE_0_Scene
[2016.09.24-16.14.45:522][835]LogPlayLevel: PIE: StaticDuplicateObject took: (0.001489s)
[2016.09.24-16.14.45:523][835]LogAIModule: Creating AISystem for world Scene
[2016.09.24-16.14.45:523][835]LogPlayLevel: PIE: World Init took: (0.000559s)
[2016.09.24-16.14.45:523][835]LogPlayLevel: PIE: Created PIE world by copying editor world from /Game/Scene.Scene to /Game/UEDPIE_0_Scene.Scene (0.002223s)
[2016.09.24-16.14.45:545][835]LogInit: XAudio2 using 'Speakers (2- USB Audio Device)' : 2 channels at 44.1 kHz using 16 bits per sample (channel mask 0x3)
[2016.09.24-16.14.45:551][835]LogInit: FAudioDevice initialized.
[2016.09.24-16.14.45:645][835]LogWorld: Game class is 'GameMode'
[2016.09.24-16.14.45:647][835]LogWorld: Bringing World /Game/UEDPIE_0_Scene.Scene up for play (max tick rate 0) at 2016.09.24-12.14.45
[2016.09.24-16.14.45:647][835]LogWorld: Bringing up level for play took: 0.001616
[2016.09.24-16.14.45:671][835]PIE: Info Play in editor start time for /Game/UEDPIE_0_Scene 0.577
[2016.09.24-16.15.51:514][ 23]LogPlayLevel: PlayLevel: No blueprints needed recompiling
[2016.09.24-16.15.51:514][ 23]PIE: New page: PIE session: Scene (Sep 24, 2016, 7:15:51 AM)
[2016.09.24-16.15.51:514][ 23]LogPlayLevel: Creating play world package: /Game/UEDPIE_0_Scene
[2016.09.24-16.15.51:516][ 23]LogPlayLevel: PIE: StaticDuplicateObject took: (0.001525s)
[2016.09.24-16.15.51:517][ 23]LogAIModule: Creating AISystem for world Scene
[2016.09.24-16.15.51:517][ 23]LogPlayLevel: PIE: World Init took: (0.000674s)
[2016.09.24-16.15.51:517][ 23]LogPlayLevel: PIE: Created PIE world by copying editor world from /Game/Scene.Scene to /Game/UEDPIE_0_Scene.Scene (0.002387s)
[2016.09.24-16.15.51:538][ 23]LogInit: XAudio2 using 'Speakers (2- USB Audio Device)' : 2 channels at 44.1 kHz using 16 bits per sample (channel mask 0x3)
[2016.09.24-16.15.51:543][ 23]LogInit: FAudioDevice initialized.
[2016.09.24-16.15.51:641][ 23]LogWorld: Game class is 'GameMode'
[2016.09.24-16.15.51:643][ 23]LogWorld: Bringing World /Game/UEDPIE_0_Scene.Scene up for play (max tick rate 0) at 2016.09.24-12.15.51
[2016.09.24-16.15.51:643][ 23]LogWorld: Bringing up level for play took: 0.001741
[2016.09.24-16.15.51:668][ 23]PIE: Info Play in editor start time for /Game/UEDPIE_0_Scene 0.574
[2016.09.24-16.16.23:832][165