Log file open, 09/24/16 13:54:29
LogInit:Display: Running engine for game: radroomUE4
LogPlatformFile: Not using cached read wrapper
LogInit:Display: RandInit(-720895241) SRandInit(-720895239).
LogTaskGraph: Started task graph with 4 named threads and 7 total threads with 1 sets of task threads.
LogStats: Stats thread started at 0.072287
LogInit: Version: 4.12.5-3039270+++UE4+Release-4.12
LogInit: API Version: 2992821
LogInit: Net Version: 3039270
LogDevObjectVersion: Number of dev versions registered: 13
LogDevObjectVersion:   Dev-Blueprints (B0D832E4-1F89-4F0D-ACCF-7EB736FD4AA2): 3
LogDevObjectVersion:   Dev-Build (E1C64328-A22C-4D53-A36C-8E866417BD8C): 0
LogDevObjectVersion:   Dev-Core (375EC13C-06E4-48FB-B500-84F0262A717E): 1
LogDevObjectVersion:   Dev-Editor (E4B068ED-F494-42E9-A231-DA0B2E46BB41): 2
LogDevObjectVersion:   Dev-Framework (CFFC743F-43B0-4480-9391-14DF171D2073): 6
LogDevObjectVersion:   Dev-Mobile (B02B49B5-BB20-44E9-A304-32B752E40360): 0
LogDevObjectVersion:   Dev-Networking (A4E4105C-59A1-49B5-A7C5-40C4547EDFEE): 0
LogDevObjectVersion:   Dev-Online (39C831C9-5AE6-47DC-9A44-9C173E1C8E7C): 0
LogDevObjectVersion:   Dev-Physics (78F01B33-EBEA-4F98-B9B4-84EACCB95AA2): 0
LogDevObjectVersion:   Dev-Platform (6631380F-2D4D-43E0-8009-CF276956A95A): 0
LogDevObjectVersion:   Dev-Rendering (12F88B9F-8875-4AFC-A67C-D90C383ABD29): 2
LogDevObjectVersion:   Dev-Sequencer (7B5AE74C-D270-4C10-A958-57980B212A5A): 0
LogDevObjectVersion:   Dev-VR (D7296918-1DD6-4BDD-9DE2-64A83CC13884): 0
LogInit: Compiled (64-bit): Jul  6 2016 09:09:46
LogInit: Compiled with Visual C++: 19.00.23026.00
LogInit: Build Configuration: Development
LogInit: Branch Name: ++UE4+Release-4.12
LogInit: Command line: -EpicPortal 
LogInit: Base directory: C:/Program Files (x86)/Epic Games/4.12/Engine/Binaries/Win64/
LogInit: Installed Engine Build: 1
LogInit: Using libcurl 7.41.0
LogInit:  - built for x86_64-pc-win32
LogInit:  - supports SSL with WinSSL
LogInit:  - other features:
LogInit:      CURL_VERSION_SSL
LogInit:      CURL_VERSION_IPV6
LogInit:      CURL_VERSION_ASYNCHDNS
LogInit:      CURL_VERSION_LARGEFILE
LogInit:      CURL_VERSION_IDN
LogInit:  CurlRequestOptions (configurable via config and command line):
LogInit:  - bVerifyPeer = true  - Libcurl will verify peer certificate
LogInit:  - bUseHttpProxy = false  - Libcurl will NOT use HTTP proxy
LogInit:  - bDontReuseConnections = false  - Libcurl will reuse connections
LogInit:  - CertBundlePath = nullptr  - Libcurl will use whatever was configured at build time.
LogInit: Presizing for max 8388607 objects, including 0 objects not considered by GC, pre-allocating 0 bytes for permanent pool.
LogInit: Object subsystem initialized
[2016.09.24-17.54.29:233][  0]LogInit: Selected Device Profile: [Windows]
[2016.09.24-17.54.29:234][  0]LogInit: Applying CVar settings loaded from the selected device profile: [Windows]
[2016.09.24-17.54.29:243][  0]LogInit: Computer: BEAUTY
[2016.09.24-17.54.29:243][  0]LogInit: User: ECOG
[2016.09.24-17.54.29:243][  0]LogInit: CPU Page size=65536, Cores=4
[2016.09.24-17.54.29:243][  0]LogInit: High frequency timer resolution =3.451699 MHz
[2016.09.24-17.54.29:243][  0]LogMemory: Memory total: Physical=16.0GB (16GB approx)
[2016.09.24-17.54.29:243][  0]LogMemory: Platform Memory Stats for Windows
[2016.09.24-17.54.29:243][  0]LogMemory: Process Physical Memory: 190.30 MB used, 190.30 MB peak
[2016.09.24-17.54.29:243][  0]LogMemory: Process Virtual Memory: 195.15 MB used, 195.15 MB peak
[2016.09.24-17.54.29:243][  0]LogMemory: Physical Memory: 6490.50 MB used, 16339.50 MB total
[2016.09.24-17.54.29:243][  0]LogMemory: Virtual Memory: 554.56 MB used, 134217728.00 MB total
[2016.09.24-17.54.29:270][  0]LogTextLocalizationManager: No specific translations for ('en-US') exist, so ('en') translations will be used.
[2016.09.24-17.54.29:589][  0]LogD3D11RHI: D3D11 adapters:
[2016.09.24-17.54.29:611][  0]LogD3D11RHI:    0. 'NVIDIA GeForce GTX 1080' (Feature Level 11_0)
[2016.09.24-17.54.29:611][  0]LogD3D11RHI:       8084/0/8169 MB DedicatedVideo/DedicatedSystem/SharedSystem, Outputs:1, VendorId:0x10de
[2016.09.24-17.54.29:612][  0]LogD3D11RHI:    1. 'Microsoft Basic Render Driver' (Feature Level 11_0)
[2016.09.24-17.54.29:612][  0]LogD3D11RHI:       0/0/8169 MB DedicatedVideo/DedicatedSystem/SharedSystem, Outputs:0, VendorId:0x1414
[2016.09.24-17.54.29:612][  0]LogD3D11RHI: Chosen D3D11 Adapter: 0
[2016.09.24-17.54.29:616][  0]LogD3D11RHI: Creating new Direct3DDevice
[2016.09.24-17.54.29:616][  0]LogD3D11RHI:     GPU DeviceId: 0x1b80 (for the marketing name, search the web for "GPU Device Id")
[2016.09.24-17.54.29:616][  0]LogWindows: EnumDisplayDevices:
[2016.09.24-17.54.29:616][  0]LogWindows:    0. 'NVIDIA GeForce GTX 1080' (P:1 D:1)
[2016.09.24-17.54.29:616][  0]LogWindows:    1. 'NVIDIA GeForce GTX 1080' (P:0 D:0)
[2016.09.24-17.54.29:616][  0]LogWindows:    2. 'NVIDIA GeForce GTX 1080' (P:0 D:0)
[2016.09.24-17.54.29:616][  0]LogWindows:    3. 'NVIDIA GeForce GTX 1080' (P:0 D:0)
[2016.09.24-17.54.29:616][  0]LogWindows:    4. 'LogMeIn Mirror Driver' (P:0 D:0)
[2016.09.24-17.54.29:616][  0]LogWindows: DebugString: GetVideoDriverDetailsInvalid PrimaryIsNotTheChoosenAdapter FoundDriverCount:4 
[2016.09.24-17.54.29:616][  0]LogD3D11RHI:     Adapter Name: NVIDIA GeForce GTX 1080
[2016.09.24-17.54.29:616][  0]LogD3D11RHI:   Driver Version: 368.39 (internal:10.18.13.6839, unified:368.39)
[2016.09.24-17.54.29:616][  0]LogD3D11RHI:      Driver Date: 6-2-2016
[2016.09.24-17.54.29:616][  0]LogRHI: Texture pool is 1361 MB (70% of 1945 MB)
[2016.09.24-17.54.29:629][  0]LogD3D11RHI: Async texture creation enabled
[2016.09.24-17.54.29:644][  0]LogD3D11RHI: GPU Timing Frequency: 1000.000000 (Debug: 2 2)
[2016.09.24-17.54.29:644][  0]LogShaderCompilers: Guid format shader working directory is 8 characters bigger than the processId version (../../../../../../radroom/radroomUE4/Intermediate/Shaders/WorkingDirectory/11664/).
[2016.09.24-17.54.29:645][  0]LogShaderCompilers: Cleaned the shader compiler working directory 'C:/Users/ECOG/AppData/Local/Temp/UnrealShaderWorkingDir/7E9609E7450847D225DB29B56B1F948E/'.
[2016.09.24-17.54.29:645][  0]LogShaderCompilers:Display: Using Local Shader Compiler.
[2016.09.24-17.54.30:598][  0]LogTemp:Display: Loaded TP AllDesktopTargetPlatform
[2016.09.24-17.54.30:606][  0]LogTemp:Display: Loaded TP WindowsClientTargetPlatform
[2016.09.24-17.54.30:613][  0]LogTemp:Display: Loaded TP WindowsNoEditorTargetPlatform
[2016.09.24-17.54.30:621][  0]LogTemp:Display: Loaded TP WindowsServerTargetPlatform
[2016.09.24-17.54.30:629][  0]LogTemp:Display: Loaded TP WindowsTargetPlatform
[2016.09.24-17.54.30:636][  0]LogTemp:Display: Loaded TP AndroidTargetPlatform
[2016.09.24-17.54.30:643][  0]LogTemp:Display: Loaded TP Android_ASTCTargetPlatform
[2016.09.24-17.54.30:649][  0]LogTemp:Display: Loaded TP Android_ATCTargetPlatform
[2016.09.24-17.54.30:657][  0]LogTemp:Display: Loaded TP Android_DXTTargetPlatform
[2016.09.24-17.54.30:664][  0]LogTemp:Display: Loaded TP Android_ETC1TargetPlatform
[2016.09.24-17.54.30:671][  0]LogTemp:Display: Loaded TP Android_ETC2TargetPlatform
[2016.09.24-17.54.30:684][  0]LogTemp:Display: Loaded TP Android_MultiTargetPlatform
[2016.09.24-17.54.30:684][  0]LogTemp:Display: Loaded TP Android_PVRTCTargetPlatform
[2016.09.24-17.54.30:685][  0]LogTemp:Display: Loaded TP HTML5TargetPlatform
[2016.09.24-17.54.30:704][  0]LogTemp:Display: Loaded TP IOSTargetPlatform
[2016.09.24-17.54.30:710][  0]LogTemp:Display: Loaded TP TVOSTargetPlatform
[2016.09.24-17.54.30:716][  0]LogTemp:Display: Loaded TP LinuxNoEditorTargetPlatform
[2016.09.24-17.54.30:723][  0]LogTemp:Display: Loaded TP LinuxServerTargetPlatform
[2016.09.24-17.54.30:730][  0]LogTemp:Display: Loaded TP LinuxTargetPlatform
[2016.09.24-17.54.30:730][  0]LogTargetPlatformManager:Display: Building Assets For Windows
[2016.09.24-17.54.30:791][  0]LogDerivedDataCache:Display: Max Cache Size: 512 MB
[2016.09.24-17.54.30:826][  0]LogDerivedDataCache: Loaded boot cache 0.04s 48MB C:/Users/ECOG/AppData/Local/UnrealEngine/4.12/DerivedDataCache/Boot.ddc.
[2016.09.24-17.54.30:827][  0]LogDerivedDataCache:Display: Loaded Boot cache: C:/Users/ECOG/AppData/Local/UnrealEngine/4.12/DerivedDataCache/Boot.ddc
[2016.09.24-17.54.30:827][  0]LogDerivedDataCache: FDerivedDataBackendGraph:  Pak pak cache file ../../../../../../radroom/radroomUE4/DerivedDataCache/DDC.ddp not found, will not use a pak cache.
[2016.09.24-17.54.30:827][  0]LogDerivedDataCache: Unable to find inner node Pak for hierarchical cache Hierarchy.
[2016.09.24-17.54.30:827][  0]LogDerivedDataCache: FDerivedDataBackendGraph:  CompressedPak pak cache file ../../../../../../radroom/radroomUE4/DerivedDataCache/Compressed.ddp not found, will not use a pak cache.
[2016.09.24-17.54.30:827][  0]LogDerivedDataCache: Unable to find inner node CompressedPak for hierarchical cache Hierarchy.
[2016.09.24-17.54.30:841][  0]LogDerivedDataCache:Display: Pak cache opened for reading ../../../Engine/DerivedDataCache/Compressed.ddp.
[2016.09.24-17.54.30:852][  0]LogDerivedDataCache: Using Local data cache path C:/Users/ECOG/AppData/Local/UnrealEngine/Common/DerivedDataCache: Writable
[2016.09.24-17.54.31:015][  0]LogInit: Selected Device Profile: [Windows]
[2016.09.24-17.54.31:016][  0]LogContentStreaming: Texture pool size is 0.00 MB
[2016.09.24-17.54.31:146][  0]LogMeshUtilities: No automatic mesh reduction module available
[2016.09.24-17.54.31:146][  0]LogMeshUtilities: No automatic mesh merging module available
[2016.09.24-17.54.31:146][  0]LogMeshUtilities: No distributed automatic mesh merging module available
[2016.09.24-17.54.31:330][  0]LogAssetRegistry: FAssetRegistry took 0.0209 seconds to start up
[2016.09.24-17.54.31:348][  0]LogPackageLocalizationCache: Processed 3 localized package path(s) for 2 prioritized culture(s) in 0.015476 seconds
[2016.09.24-17.54.31:352][  0]LogUObjectArray: 28739 objects as part of root set at end of initial load.
[2016.09.24-17.54.31:352][  0]LogUObjectAllocator: 5855624 out of 0 bytes used by permanent object pool.
[2016.09.24-17.54.31:352][  0]LogUObjectArray: CloseDisregardForGC: 0/0 objects in disregard for GC pool
[2016.09.24-17.54.31:357][  0]LogInit: WinSock: version 1.1 (2.2), MaxSocks=32767, MaxUdp=65467
[2016.09.24-17.54.31:497][  0]LogSlate: SlateFontCache - WITH_FREETYPE: 1, WITH_HARFBUZZ: 1
[2016.09.24-17.54.31:497][  0]LogSlate: SlateFontCache - WITH_FREETYPE: 1, WITH_HARFBUZZ: 1
[2016.09.24-17.54.32:056][  0]LogUdpMessaging: Initializing bridge on interface 0.0.0.0:0 to multicast group 230.0.0.1:6666.
[2016.09.24-17.54.32:236][  0]SourceControl: Info Source control is disabled
[2016.09.24-17.54.32:260][  0]SourceControl: Info Source control is disabled
[2016.09.24-17.54.32:267][  0]SourceControl: Info Source control is disabled
[2016.09.24-17.54.32:274][  0]SourceControl: Info Source control is disabled
[2016.09.24-17.54.32:447][  0]LogEngine: Initializing Engine...
[2016.09.24-17.54.32:464][  0]LogHMD: SteamVR initialized.  Driver: lighthouse  Display: LHR-51FF9CC8
[2016.09.24-17.54.32:476][  0]LogHMD: SteamVR initialized.  Driver: lighthouse  Display: LHR-51FF9CC8
[2016.09.24-17.54.32:584][  0]LogAIModule: Creating AISystem for world NewWorld
[2016.09.24-17.54.32:596][  0]LogInit: XAudio2 using 'Speakers (2- USB Audio Device)' : 2 channels at 44.1 kHz using 16 bits per sample (channel mask 0x3)
[2016.09.24-17.54.32:604][  0]LogInit: FAudioDevice initialized.
[2016.09.24-17.54.32:621][  0]LogDerivedDataCache: Saved boot cache 0.02s 48MB C:/Users/ECOG/AppData/Local/UnrealEngine/4.12/DerivedDataCache/Boot.ddc.
[2016.09.24-17.54.32:626][  0]LogInit: Texture streaming: Enabled
[2016.09.24-17.54.32:667][  0]LogInit: Transaction tracking system initialized
[2016.09.24-17.54.32:684][  0]BlueprintLog: New page: Editor Load
[2016.09.24-17.54.32:731][  0]LogInit:Warning: CVar named 'r.MobileHDR' marked up in RendererSettings was not found or is set to read-only
[2016.09.24-17.54.33:356][  0]LocalizationService: Info Localization service is disabled
[2016.09.24-17.54.33:431][  0]LogConsoleResponse:Display: 
[2016.09.24-17.54.33:515][  0]LogFileCache: Scanning file cache for directory 'C:/radroom/radroomUE4/Content/' took 0.01s
[2016.09.24-17.54.33:515][  0]LogCook:Display: Max memory allowance for cook 8192mb
[2016.09.24-17.54.33:515][  0]LogCook:Display: Mobile HDR setting 1
[2016.09.24-17.54.33:601][  0]SourceControl: Info Source control is disabled
[2016.09.24-17.54.33:601][  0]Cmd: MAP LOAD FILE="../../../Engine/Content/Maps/Templates/Template_Default.umap" TEMPLATE=1 SHOWPROGRESS=1 FEATURELEVEL=3
[2016.09.24-17.54.33:601][  0]LightingResults: New page: Lighting Build
[2016.09.24-17.54.33:603][  0]MapCheck: New page: Map Check
[2016.09.24-17.54.33:603][  0]LightingResults: New page: Lighting Build
[2016.09.24-17.54.33:813][  0]LogAIModule: Creating AISystem for world Untitled_1
[2016.09.24-17.54.33:817][  0]LogEditorServer: Finished looking for orphan Actors (0.000 secs)
[2016.09.24-17.54.33:820][  0]Cmd: MAP CHECKDEP NOCLEARLOG
[2016.09.24-17.54.33:854][  0]MapCheck: Info Map check complete: 0 Error(s), 0 Warning(s), took 33.298ms to complete.
[2016.09.24-17.54.33:854][  0]LogFileHelpers: Loading map 'Template_Default' took 0.253
[2016.09.24-17.54.33:955][  0]LogCollectionManager: Loaded 0 collections in 0.001222 seconds
[2016.09.24-17.54.33:993][  0]LogFileCache: Scanning file cache for directory 'C:/radroom/radroomUE4/Saved/Collections/' took 0.01s
[2016.09.24-17.54.33:993][  0]LogFileCache: Scanning file cache for directory 'C:/radroom/radroomUE4/Content/Developers/ECOG/Collections/' took 0.01s
[2016.09.24-17.54.33:993][  0]LogFileCache: Scanning file cache for directory 'C:/radroom/radroomUE4/Content/Collections/' took 0.01s
[2016.09.24-17.54.33:993][  0]LogCollectionManager: Rebuilt the GUID cache for 0 collections in 0.000002 seconds
[2016.09.24-17.54.34:000][  0]LogContentBrowser: Native class hierarchy populated in 0.0069 seconds. Added 2047 classes and 369 folders.
[2016.09.24-17.54.34:003][  0]LogStats: UGameplayTagsManager::ConstructGameplayTagTree: Construct from data asset -  0.000 s
[2016.09.24-17.54.34:003][  0]LogStats: UGameplayTagsManager::ConstructGameplayTagTree: GameplayTagTreeChangedEvent.Broadcast -  0.000 s
[2016.09.24-17.54.34:003][  0]LogContentBrowser: Native class hierarchy updated for 'GameplayTags' in 0.0004 seconds. Added 12 classes and 0 folders.
[2016.09.24-17.54.34:007][  0]LogContentBrowser: Native class hierarchy updated for 'WidgetCarousel' in 0.0003 seconds. Added 0 classes and 0 folders.
[2016.09.24-17.54.34:041][  0]LogContentBrowser: Native class hierarchy updated for 'AddContentDialog' in 0.0003 seconds. Added 0 classes and 0 folders.
[2016.09.24-17.54.34:044][  0]LogContentBrowser: Native class hierarchy updated for 'SceneOutliner' in 0.0003 seconds. Added 1 classes and 2 folders.
[2016.09.24-17.54.34:054][  0]LogCrashTracker: Crashtracker disabled due to settings.
[2016.09.24-17.54.34:058][  0]LogUObjectGlobals:Warning: Failed to find object 'Class None.'
[2016.09.24-17.54.34:084][  0]LogContentBrowser: Native class hierarchy updated for 'HierarchicalLODOutliner' in 0.0003 seconds. Added 1 classes and 2 folders.
[2016.09.24-17.54.34:084][  0]LogLoad: Full Startup: 5.43 seconds (BP compile: 0.03 seconds)
[2016.09.24-17.54.34:084][  0]LogExternalProfiler: Found external profiler: VSPerf
[2016.09.24-17.54.34:084][  0]LogExternalProfiler: Using external profiler: VSPerf
[2016.09.24-17.54.34:093][  0]LogOcInput: OculusInput pre-init called
[2016.09.24-17.54.34:119][  0]LogContentStreaming: Texture pool size now 1000 MB
[2016.09.24-17.54.34:256][  0]LogRenderer: Reallocating scene render targets to support 1208x576 (Frame:2).
[2016.09.24-17.54.48:217][669]LogAssetRegistry: Asset discovery search completed in 16.9076 seconds
[2016.09.24-17.54.48:217][669]LogCollectionManager: Rebuilt the object cache for 0 collections in 0.000001 seconds (found 0 objects)
[2016.09.24-17.54.48:217][669]LogCollectionManager: Fixed up redirectors for 0 collections in 0.000020 seconds (updated 0 objects)
[2016.09.24-17.55.01:981][317]LogPlayLevel: PlayLevel: No blueprints needed recompiling
[2016.09.24-17.55.01:982][317]PIE: New page: PIE session: Untitled_1 (Sep 24, 2016, 8:55:01 AM)
[2016.09.24-17.55.01:982][317]LogPlayLevel: Creating play world package: /Temp/UEDPIE_0_Untitled_1
[2016.09.24-17.55.01:983][317]LogPlayLevel: PIE: StaticDuplicateObject took: (0.001524s)
[2016.09.24-17.55.01:984][317]LogAIModule: Creating AISystem for world Untitled_1
[2016.09.24-17.55.01:984][317]LogPlayLevel: PIE: World Init took: (0.000860s)
[2016.09.24-17.55.01:984][317]LogPlayLevel: PIE: Created PIE world by copying editor world from /Temp/Untitled_1.Untitled_1 to /Temp/UEDPIE_0_Untitled_1.Untitled_1 (0.002539s)
[2016.09.24-17.55.02:006][317]LogInit: XAudio2 using 'Speakers (2- USB Audio Device)' : 2 channels at 44.1 kHz using 16 bits per sample (channel mask 0x3)
[2016.09.24-17.55.02:012][317]LogInit: FAudioDevice initialized.
[2016.09.24-17.55.02:119][317]LogWorld: Game class is 'GameMode'
[2016.09.24-17.55.02:122][317]LogWorld: Bringing World /Temp/UEDPIE_0_Untitled_1.Untitled_1 up for play (max tick rate 0) at 2016.09.24-13.55.02
[2016.09.24-17.55.02:122][317]LogWorld: Bringing up level for play took: 0.001629
[2016.09.24-17.55.02:125][317]LogContentBrowser: Native class hierarchy updated for 'MovieSceneCapture' in 0.0004 seconds. Added 11 classes and 0 folders.
[2016.09.24-17.55.02:147][317]PIE: Info Play in editor start time for /Temp/UEDPIE_0_Untitled_1 1.053
[2016.09.24-17.55.02:151][318]LogRenderer: Reallocating scene render targets to support 3024x1680 (Frame:2526).
[2016.09.24-17.57.15:499][661]LogContentBrowser: Native class hierarchy updated for 'BlueprintGraph' in 0.0007 seconds. Added 111 classes and 0 folders.
[2016.09.24-17.57.19:303][904]LogSlate:Warning: Prevented a slow task dialog from being summoned while a context menu was open
[2016.09.24-17.57.49:593][526]BlueprintLog: New page: Compile VR_GameMode
[2016.09.24-17.57.49:710][526]BlueprintEditorCompileResults: Info [0201.06] Compile of VR_GameMode successful! [in 116 ms] (/Game/VR_GameMode.VR_GameMode)
[2016.09.24-17.57.50:478][614]Cmd: OBJ SAVEPACKAGE PACKAGE="/Game/VR_GameMode" FILE="../../../../../../radroom/radroomUE4/Content/VR_GameMode.uasset" SILENT=true
[2016.09.24-17.57.50:496][614]LogSavePackage: Save=10.47ms
[2016.09.24-17.57.50:496][614]LogSavePackage: Moving '../../../../../../radroom/radroomUE4/Saved/VR_GameMode3D04732F487DDF19582336B3730BE6A2.tmp' to '../../../../../../radroom/radroomUE4/Content/VR_GameMode.uasset'
[2016.09.24-17.57.50:498][614]LogSavePackage:Display: Finished SavePackage ../../../../../../radroom/radroomUE4/Content/VR_GameMode.uasset
[2016.09.24-17.58.15:621][605]LogSlate:Warning: Prevented a slow task dialog from being summoned while a context menu was open
[2016.09.24-17.58.16:853][749]Cmd: UpdateLandscapeSetup
[2016.09.24-18.00.22:435][305]BlueprintLog: New page: Compile VR_Pawn
[2016.09.24-18.00.22:548][305]BlueprintEditorCompileResults: Info [0353.89] Compile of VR_Pawn successful! [in 112 ms] (/Game/VR_Pawn.VR_Pawn)
[2016.09.24-18.00.23:052][358]Cmd: OBJ SAVEPACKAGE PACKAGE="/Game/VR_Pawn" FILE="../../../../../../radroom/radroomUE4/Content/VR_Pawn.uasset" SILENT=true
[2016.09.24-18.00.23:067][358]LogSavePackage: Save=13.65ms
[2016.09.24-18.00.23:067][358]LogSavePackage: Moving '../../../../../../radroom/radroomUE4/Saved/VR_Pawn574200864711254AC707A89D43938040.tmp' to '../../../../../../radroom/radroomUE4/Content/VR_Pawn.uasset'
[2016.09.24-18.00.23:068][358]LogSavePackage:Display: Finished SavePackage ../../../../../../radroom/radroomUE4/Content/VR_Pawn.uasset
[2016.09.24-18.00.57:559][726]Cmd: OBJ SAVEPACKAGE PACKAGE="/Game/Scene" FILE="../../../../../../radroom/radroomUE4/Content/Scene.umap" SILENT=true AUTOSAVING=false KEEPDIRTY=false
[2016.09.24-18.00.57:598][726]LogSavePackage: Save=21.90ms
[2016.09.24-18.00.57:598][726]LogSavePackage: Moving '../../../../../../radroom/radroomUE4/Saved/Scene1EC04341431C0DF8DA156391281D35D9.tmp' to '../../../../../../radroom/radroomUE4/Content/Scene.umap'
[2016.09.24-18.00.57:599][726]LogSavePackage:Display: Finished SavePackage ../../../../../../radroom/radroomUE4/Content/Scene.umap
[2016.09.24-18.00.57:617][726]LogFileHelpers: Saving map 'Scene' took 0.200
[2016.09.24-18.01.01:320][120]LogPlayLevel: PlayLevel: No blueprints needed recompiling
[2016.09.24-18.01.01:320][120]PIE: New page: PIE session: Scene (Sep 24, 2016, 9:01:01 AM)
[2016.09.24-18.01.01:320][120]LogPlayLevel: Creating play world package: /Game/UEDPIE_0_Scene
[2016.09.24-18.01.01:321][120]LogPlayLevel: PIE: StaticDuplicateObject took: (0.001607s)
[2016.09.24-18.01.01:322][120]LogAIModule: Creating AISystem for world Scene
[2016.09.24-18.01.01:322][120]LogPlayLevel: PIE: World Init took: (0.000571s)
[2016.09.24-18.01.01:322][120]LogPlayLevel: PIE: Created PIE world by copying editor world from /Game/Scene.Scene to /Game/UEDPIE_0_Scene.Scene (0.002327s)
[2016.09.24-18.01.01:344][120]LogInit: XAudio2 using 'Speakers (2- USB Audio Device)' : 2 channels at 44.1 kHz using 16 bits per sample (channel mask 0x3)
[2016.09.24-18.01.01:350][120]LogInit: FAudioDevice initialized.
[2016.09.24-18.01.01:457][120]LogWorld: Game class is 'VR_GameMode_C'
[2016.09.24-18.01.01:459][120]LogWorld: Bringing World /Game/UEDPIE_0_Scene.Scene up for play (max tick rate 0) at 2016.09.24-14.01.01
[2016.09.24-18.01.01:459][120]LogWorld: Bringing up level for play took: 0.001671
[2016.09.24-18.01.01:513][120]PIE: Info Play in editor start time for /Game/UEDPIE_0_Scene 0.419
[2016.09.24-18.01.17:495][602]Cmd: SELECT NONE
[2016.09.24-18.02.43:183][687]LogFactory: FactoryCreateFile: StaticMesh with FbxFactory (0 0 ../../../../../Steam/steamapps/common/SteamVR/resources/rendermodels/vr_controller_vive_1_5/vr_controller_vive_1_5.obj)
[2016.09.24-18.02.43:198][687]LogFbx: Loading FBX Scene from ../../../../../Steam/steamapps/common/SteamVR/resources/rendermodels/vr_controller_vive_1_5/vr_controller_vive_1_5.obj
[2016.09.24-18.02.43:339][687]LogFbx: FBX Scene Loaded Succesfully
[2016.09.24-18.03.17:256][687]LogFbx: Loading FBX Scene from ../../../../../Steam/steamapps/common/SteamVR/resources/rendermodels/vr_controller_vive_1_5/vr_controller_vive_1_5.obj
[2016.09.24-18.03.17:398][687]LogFbx: FBX Scene Loaded Succesfully
[2016.09.24-18.03.17:400][687]LogLinker:Warning: Can't find file '/Game/whole_model_group1Mat'
[2016.09.24-18.03.17:400][687]LogLinker:Warning: Can't find file '/Game/whole_model_group1Mat'
[2016.09.24-18.03.17:404][687]LogMaterial: Missing cached shader map for material whole_model_group1Mat, compiling. 
[2016.09.24-18.03.17:426][687]LogFbx:Warning: Triangulating static mesh whole_model_group1
[2016.09.24-18.03.19:029][687]LogStaticMesh: Building static mesh vr_controller_vive_1_5...
[2016.09.24-18.03.19:384][687]LogStaticMesh: Built static mesh [0.36s] /Game/vr_controller_vive_1_5.vr_controller_vive_1_5
[2016.09.24-18.03.34:972][356]Cmd: OBJ SAVEPACKAGE PACKAGE="/Game/vr_controller_vive_1_5" FILE="../../../../../../radroom/radroomUE4/Content/vr_controller_vive_1_5.uasset" SILENT=true
[2016.09.24-18.03.34:984][356]LogSavePackage: Save=11.00ms
[2016.09.24-18.03.34:984][356]LogSavePackage: Moving '../../../../../../radroom/radroomUE4/Saved/vr_controller_vive_1_5BEE946EC4BBED32FFC152FA097995632.tmp' to '../../../../../../radroom/radroomUE4/Content/vr_controller_vive_1_5.uasset'
[2016.09.24-18.03.34:985][356]LogSavePackage:Display: Finished SavePackage ../../../../../../radroom/radroomUE4/Content/vr_controller_vive_1_5.uasset
[2016.09.24-18.03.35:008][356]Cmd: OBJ SAVEPACKAGE PACKAGE="/Game/whole_model_group1Mat" FILE="../../../../../../radroom/radroomUE4/Content/whole_model_group1Mat.uasset" SILENT=true
[2016.09.24-18.03.35:019][356]LogSavePackage: Save=10.22ms
[2016.09.24-18.03.35:019][356]LogSavePackage: Moving '../../../../../../radroom/radroomUE4/Saved/whole_model_group1Mat582D8E0548F822514B771D854AB18935.tmp' to '../../../../../../radroom/radroomUE4/Content/whole_model_group1Mat.uasset'
[2016.09.24-18.03.35:020][356]LogSavePackage:Display: Finished SavePackage ../../../../../../radroom/radroomUE4/Content/whole_model_group1Mat.uasset
[2016.09.24-18.04.35:898][558]BlueprintLog: New page: Compile VR_Pawn
[2016.09.24-18.04.36:015][558]BlueprintEditorCompileResults: Info [0607.36] Compile of VR_Pawn successful! [in 117 ms] (/Game/VR_Pawn.VR_Pawn)
[2016.09.24-18.04.36:446][604]Cmd: OBJ SAVEPACKAGE PACKAGE="/Game/VR_Pawn" FILE="../../../../../../radroom/radroomUE4/Content/VR_Pawn.uasset" SILENT=true
[2016.09.24-18.04.36:464][604]LogSavePackage: Save=12.92ms
[2016.09.24-18.04.36:464][604]LogSavePackage: Moving '../../../../../../radroom/radroomUE4/Saved/VR_Pawn237B1DE34BD957E361D204991C1C0C13.tmp' to '../../../../../../radroom/radroomUE4/Content/VR_Pawn.uasset'
[2016.09.24-18.04.36:466][604]LogSavePackage:Display: Finished SavePackage ../../../../../../radroom/radroomUE4/Content/VR_Pawn.uasset
[2016.09.24-18.04.59:776][355]BlueprintLog: New page: Compile VR_Pawn
[2016.09.24-18.04.59:896][355]BlueprintEditorCompileResults: Info [0631.24] Compile of VR_Pawn successful! [in 119 ms] (/Game/VR_Pawn.VR_Pawn)
[2016.09.24-18.05.00:414][411]Cmd: OBJ SAVEPACKAGE PACKAGE="/Game/VR_Pawn" FILE="../../../../../../radroom/radroomUE4/Content/VR_Pawn.uasset" SILENT=true
[2016.09.24-18.05.00:429][411]LogSavePackage: Save=13.35ms
[2016.09.24-18.05.00:429][411]LogSavePackage: Moving '../../../../../../radroom/radroomUE4/Saved/VR_PawnAF639E7E453D33AAEE835EA540FE0BFE.tmp' to '../../../../../../radroom/radroomUE4/Content/VR_Pawn.uasset'
[2016.09.24-18.05.00:431][411]LogSavePackage:Display: Finished SavePackage ../../../../../../radroom/radroomUE4/Content/VR_Pawn.uasset
[2016.09.24-18.05.35:906][642]BlueprintLog: New page: Compile VR_Pawn
[2016.09.24-18.05.35:975][642]BlueprintEditorCompileResults: Info [0667.32] Compile of VR_Pawn successful! [in 68 ms] (/Game/VR_Pawn.VR_Pawn)
[2016.09.24-18.05.36:676][720]Cmd: OBJ SAVEPACKAGE PACKAGE="/Game/VR_Pawn" FILE="../../../../../../radroom/radroomUE4/Content/VR_Pawn.uasset" SILENT=true
[2016.09.24-18.05.36:698][720]LogSavePackage: Save=20.23ms
[2016.09.24-18.05.36:698][720]LogSavePackage: Moving '../../../../../../radroom/radroomUE4/Saved/VR_PawnD9BD1710468144022F09F8BB937D838A.tmp' to '../../../../../../radroom/radroomUE4/Content/VR_Pawn.uasset'
[2016.09.24-18.05.36:700][720]LogSavePackage:Display: Finished SavePackage ../../../../../../radroom/radroomUE4/Content/VR_Pawn.uasset
[2016.09.24-18.06.08:939][426]BlueprintLog: New page: Compile VR_Pawn
[2016.09.24-18.06.09:072][426]BlueprintEditorCompileResults: Info [0700.42] Compile of VR_Pawn successful! [in 132 ms] (/Game/VR_Pawn.VR_Pawn)
[2016.09.24-18.06.09:645][487]Cmd: OBJ SAVEPACKAGE PACKAGE="/Game/VR_Pawn" FILE="../../../../../../radroom/radroomUE4/Content/VR_Pawn.uasset" SILENT=true
[2016.09.24-18.06.09:665][487]LogSavePackage: Save=18.75ms
[2016.09.24-18.06.09:665][487]LogSavePackage: Moving '../../../../../../radroom/radroomUE4/Saved/VR_PawnE3E2A89541326561FF650CBB34C0010C.tmp' to '../../../../../../radroom/radroomUE4/Content/VR_Pawn.uasset'
[2016.09.24-18.06.09:667][487]LogSavePackage:Display: Finished SavePackage ../../../../../../radroom/radroomUE4/Content/VR_Pawn.uasset
[2016.09.24-18.06.35:867][619]BlueprintLog: New page: Compile VR_Pawn
[2016.09.24-18.06.35:936][619]BlueprintEditorCompileResults: Info [0727.28] Compile of VR_Pawn successful! [in 69 ms] (/Game/VR_Pawn.VR_Pawn)
[2016.09.24-18.06.36:647][698]Cmd: OBJ SAVEPACKAGE PACKAGE="/Game/VR_Pawn" FILE="../../../../../../radroom/radroomUE4/Content/VR_Pawn.uasset" SILENT=true
[2016.09.24-18.06.36:667][698]LogSavePackage: Save=18.89ms
[2016.09.24-18.06.36:667][698]LogSavePackage: Moving '../../../../../../radroom/radroomUE4/Saved/VR_Pawn2B7D5BE9455B21020B93ACB58F6A9E5B.tmp' to '../../../../../../radroom/radroomUE4/Content/VR_Pawn.uasset'
[2016.09.24-18.06.36:669][698]LogSavePackage:Display: Finished SavePackage ../../../../../../radroom/radroomUE4/Content/VR_Pawn.uasset
[2016.09.24-18.06.44:950][648]BlueprintLog: New page: Compile VR_Pawn
[2016.09.24-18.06.45:145][648]BlueprintEditorCompileResults: Info [0736.49] Compile of VR_Pawn successful! [in 195 ms] (/Game/VR_Pawn.VR_Pawn)
[2016.09.24-18.06.45:747][716]Cmd: OBJ SAVEPACKAGE PACKAGE="/Game/VR_Pawn" FILE="../../../../../../radroom/radroomUE4/Content/VR_Pawn.uasset" SILENT=true
[2016.09.24-18.06.45:768][716]LogSavePackage: Save=19.86ms
[2016.09.24-18.06.45:768][716]LogSavePackage: Moving '../../../../../../radroom/radroomUE4/Saved/VR_Pawn12A0209043CFDCA84D3461981A293F0B.tmp' to '../../../../../../radroom/radroomUE4/Content/VR_Pawn.uasset'
[2016.09.24-18.06.45:770][716]LogSavePackage:Display: Finished SavePackage ../../../../../../radroom/radroomUE4/Content/VR_Pawn.uasset
[2016.09.24-18.07.47:527][ 69]BlueprintLog: New page: Compile VR_Pawn
[2016.09.24-18.07.47:755][ 69]BlueprintEditorCompileResults: Info [0799.10] Compile of VR_Pawn successful! [in 228 ms] (/Game/VR_Pawn.VR_Pawn)
[2016.09.24-18.07.48:283][129]Cmd: OBJ SAVEPACKAGE PACKAGE="/Game/VR_Pawn" FILE="../../../../../../radroom/radroomUE4/Content/VR_Pawn.uasset" SILENT=true
[2016.09.24-18.07.48:305][129]LogSavePackage: Save=20.80ms
[2016.09.24-18.07.48:305][129]LogSavePackage: Moving '../../../../../../radroom/radroomUE4/Saved/VR_PawnB9EA02084C1D3DB932D4008B85293B48.tmp' to '../../../../../../radroom/radroomUE4/Content/VR_Pawn.uasset'
[2016.09.24-18.07.48:307][129]LogSavePackage:Display: Finished SavePackage ../../../../../../radroom/radroomUE4/Content/VR_Pawn.uasset
[2016.09.24-18.09.36:995][106]BlueprintLog: New page: Compile VR_Pawn
[2016.09.24-18.09.37:072][106]BlueprintEditorCompileResults: Info [0908.42] Compile of VR_Pawn successful! [in 77 ms] (/Game/VR_Pawn.VR_Pawn)
[2016.09.24-18.09.37:671][170]Cmd: OBJ SAVEPACKAGE PACKAGE="/Game/VR_Pawn" FILE="../../../../../../radroom/radroomUE4/Content/VR_Pawn.uasset" SILENT=true
[2016.09.24-18.09.37:698][170]LogSavePackage: Save=21.88ms
[2016.09.24-18.09.37:698][170]LogSavePackage: Moving '../../../../../../radroom/radroomUE4/Saved/VR_PawnC0CD1D1A44E2AE9F207E8C86C83FB22B.tmp' to '../../../../../../radroom/radroomUE4/Content/VR_Pawn.uasset'
[2016.09.24-18.09.37:699][170]LogSavePackage:Display: Finished SavePackage ../../../../../../radroom/radroomUE4/Content/VR_Pawn.uasset
[2016.09.24-18.11.22:063][650]BlueprintLog: New page: Compile VR_Pawn
[2016.09.24-18.11.22:141][650]BlueprintEditorCompileResults: Info [1013.49] Compile of VR_Pawn successful! [in 77 ms] (/Game/VR_Pawn.VR_Pawn)
[2016.09.24-18.11.22:642][703]Cmd: OBJ SAVEPACKAGE PACKAGE="/Game/VR_Pawn" FILE="../../../../../../radroom/radroomUE4/Content/VR_Pawn.uasset" SILENT=true
[2016.09.24-18.11.22:665][703]LogSavePackage: Save=21.02ms
[2016.09.24-18.11.22:665][703]LogSavePackage: Moving '../../../../../../radroom/radroomUE4/Saved/VR_Pawn3C3C8C03430CA171C78FC29C156644CE.tmp' to '../../../../../../radroom/radroomUE4/Content/VR_Pawn.uasset'
[2016.09.24-18.11.22:666][703]LogSavePackage:Display: Finished SavePackage ../../../../../../radroom/radroomUE4/Content/VR_Pawn.uasset
[2016.09.24-18.11.41:364][912]LogSlate:Warning: Prevented a slow task dialog from being summoned while a context menu was open
[2016.09.24-18.11.58:663][941]BlueprintLog: New page: Compile VR_GameMode
[2016.09.24-18.11.58:728][941]BlueprintEditorCompileResults: Info [1050.07] Compile of VR_GameMode successful! [in 65 ms] (/Game/VR_GameMode.VR_GameMode)
[2016.09.24-18.11.59:848][ 71]Cmd: OBJ SAVEPACKAGE PACKAGE="/Game/VR_GameMode" FILE="../../../../../../radroom/radroomUE4/Content/VR_GameMode.uasset" SILENT=true
[2016.09.24-18.11.59:863][ 71]LogSavePackage: Save=9.34ms
[2016.09.24-18.11.59:863][ 71]LogSavePackage: Moving '../../../../../../radroom/radroomUE4/Saved/VR_GameMode5E05D67A4A83FE3EDE6B608CBE455F92.tmp' to '../../../../../../radroom/radroomUE4/Content/VR_GameMode.uasset'
[2016.09.24-18.11.59:865][ 71]LogSavePackage:Display: Finished SavePackage ../../../../../../radroom/radroomUE4/Content/VR_GameMode.uasset
[2016.09.24-18.12.15:870][984]LogSlate:Warning: Prevented a slow task dialog from being summoned while a context menu was open
[2016.09.24-18.12.17:101][128]Cmd: UpdateLandscapeSetup
[2016.09.24-18.12.18:850][335]Cmd: OBJ SAVEPACKAGE PACKAGE="/Game/Scene" FILE="../../../../../../radroom/radroomUE4/Co